CRITICAL - 2022-06-05 01:53:54 --> Undefined offset: 1
#0 C:\xampp\htdocs\spmi-unifa\vendor\codeigniter4\framework\system\Router\Router.php(431): CodeIgniter\Debug\Exceptions->errorHandler(8, 'Undefined offse...', 'C:\\xampp\\htdocs...', 431, Array)
#1 C:\xampp\htdocs\spmi-unifa\vendor\codeigniter4\framework\system\Router\Router.php(154): CodeIgniter\Router\Router->checkRoutes('file-spo-sdm')
#2 C:\xampp\htdocs\spmi-unifa\vendor\codeigniter4\framework\system\CodeIgniter.php(726): CodeIgniter\Router\Router->handle('file-spo-sdm')
#3 C:\xampp\htdocs\spmi-unifa\vendor\codeigniter4\framework\system\CodeIgniter.php(368): CodeIgniter\CodeIgniter->tryToRouteIt(Object(CodeIgniter\Router\RouteCollection))
#4 C:\xampp\htdocs\spmi-unifa\vendor\codeigniter4\framework\system\CodeIgniter.php(326): CodeIgniter\CodeIgniter->handleRequest(NULL, Object(Config\Cache), false)
#5 C:\xampp\htdocs\spmi-unifa\public\index.php(45): CodeIgniter\CodeIgniter->run()
#6 C:\xampp\htdocs\spmi-unifa\vendor\codeigniter4\framework\system\Commands\Server\rewrite.php(43): require_once('C:\\xampp\\htdocs...')
#7 {main}
CRITICAL - 2022-06-05 01:54:52 --> Undefined offset: 1
#0 C:\xampp\htdocs\spmi-unifa\vendor\codeigniter4\framework\system\Router\Router.php(431): CodeIgniter\Debug\Exceptions->errorHandler(8, 'Undefined offse...', 'C:\\xampp\\htdocs...', 431, Array)
#1 C:\xampp\htdocs\spmi-unifa\vendor\codeigniter4\framework\system\Router\Router.php(154): CodeIgniter\Router\Router->checkRoutes('file-spo-sdm')
#2 C:\xampp\htdocs\spmi-unifa\vendor\codeigniter4\framework\system\CodeIgniter.php(726): CodeIgniter\Router\Router->handle('file-spo-sdm')
#3 C:\xampp\htdocs\spmi-unifa\vendor\codeigniter4\framework\system\CodeIgniter.php(368): CodeIgniter\CodeIgniter->tryToRouteIt(Object(CodeIgniter\Router\RouteCollection))
#4 C:\xampp\htdocs\spmi-unifa\vendor\codeigniter4\framework\system\CodeIgniter.php(326): CodeIgniter\CodeIgniter->handleRequest(NULL, Object(Config\Cache), false)
#5 C:\xampp\htdocs\spmi-unifa\public\index.php(45): CodeIgniter\CodeIgniter->run()
#6 C:\xampp\htdocs\spmi-unifa\vendor\codeigniter4\framework\system\Commands\Server\rewrite.php(43): require_once('C:\\xampp\\htdocs...')
#7 {main}
CRITICAL - 2022-06-05 01:54:55 --> Undefined offset: 1
#0 C:\xampp\htdocs\spmi-unifa\vendor\codeigniter4\framework\system\Router\Router.php(431): CodeIgniter\Debug\Exceptions->errorHandler(8, 'Undefined offse...', 'C:\\xampp\\htdocs...', 431, Array)
#1 C:\xampp\htdocs\spmi-unifa\vendor\codeigniter4\framework\system\Router\Router.php(154): CodeIgniter\Router\Router->checkRoutes('file-spo-sdm')
#2 C:\xampp\htdocs\spmi-unifa\vendor\codeigniter4\framework\system\CodeIgniter.php(726): CodeIgniter\Router\Router->handle('file-spo-sdm')
#3 C:\xampp\htdocs\spmi-unifa\vendor\codeigniter4\framework\system\CodeIgniter.php(368): CodeIgniter\CodeIgniter->tryToRouteIt(Object(CodeIgniter\Router\RouteCollection))
#4 C:\xampp\htdocs\spmi-unifa\vendor\codeigniter4\framework\system\CodeIgniter.php(326): CodeIgniter\CodeIgniter->handleRequest(NULL, Object(Config\Cache), false)
#5 C:\xampp\htdocs\spmi-unifa\public\index.php(45): CodeIgniter\CodeIgniter->run()
#6 C:\xampp\htdocs\spmi-unifa\vendor\codeigniter4\framework\system\Commands\Server\rewrite.php(43): require_once('C:\\xampp\\htdocs...')
#7 {main}
CRITICAL - 2022-06-05 02:34:55 --> Undefined variable: judul
#0 C:\xampp\htdocs\spmi-unifa\app\Views\Front\download-file.php(53): CodeIgniter\Debug\Exceptions->errorHandler(8, 'Undefined varia...', 'C:\\xampp\\htdocs...', 53, Array)
#1 C:\xampp\htdocs\spmi-unifa\vendor\codeigniter4\framework\system\View\View.php(210): include('C:\\xampp\\htdocs...')
#2 C:\xampp\htdocs\spmi-unifa\vendor\codeigniter4\framework\system\View\View.php(213): CodeIgniter\View\View->CodeIgniter\View\{closure}()
#3 C:\xampp\htdocs\spmi-unifa\vendor\codeigniter4\framework\system\Common.php(1089): CodeIgniter\View\View->render('Front/download-...', Array, true)
#4 C:\xampp\htdocs\spmi-unifa\app\Controllers\Front.php(103): view('Front/download-...', Array)
#5 C:\xampp\htdocs\spmi-unifa\vendor\codeigniter4\framework\system\CodeIgniter.php(832): App\Controllers\Front->download_file()
#6 C:\xampp\htdocs\spmi-unifa\vendor\codeigniter4\framework\system\CodeIgniter.php(419): CodeIgniter\CodeIgniter->runController(Object(App\Controllers\Front))
#7 C:\xampp\htdocs\spmi-unifa\vendor\codeigniter4\framework\system\CodeIgniter.php(326): CodeIgniter\CodeIgniter->handleRequest(NULL, Object(Config\Cache), false)
#8 C:\xampp\htdocs\spmi-unifa\public\index.php(45): CodeIgniter\CodeIgniter->run()
#9 C:\xampp\htdocs\spmi-unifa\vendor\codeigniter4\framework\system\Commands\Server\rewrite.php(43): require_once('C:\\xampp\\htdocs...')
#10 {main}
CRITICAL - 2022-06-05 03:15:37 --> Undefined index: nm_doc
#0 C:\xampp\htdocs\spmi-unifa\app\Views\Front\download-file.php(68): CodeIgniter\Debug\Exceptions->errorHandler(8, 'Undefined index...', 'C:\\xampp\\htdocs...', 68, Array)
#1 C:\xampp\htdocs\spmi-unifa\vendor\codeigniter4\framework\system\View\View.php(210): include('C:\\xampp\\htdocs...')
#2 C:\xampp\htdocs\spmi-unifa\vendor\codeigniter4\framework\system\View\View.php(213): CodeIgniter\View\View->CodeIgniter\View\{closure}()
#3 C:\xampp\htdocs\spmi-unifa\vendor\codeigniter4\framework\system\Common.php(1089): CodeIgniter\View\View->render('Front/download-...', Array, true)
#4 C:\xampp\htdocs\spmi-unifa\app\Controllers\Front.php(109): view('Front/download-...', Array)
#5 C:\xampp\htdocs\spmi-unifa\vendor\codeigniter4\framework\system\CodeIgniter.php(832): App\Controllers\Front->download_file()
#6 C:\xampp\htdocs\spmi-unifa\vendor\codeigniter4\framework\system\CodeIgniter.php(419): CodeIgniter\CodeIgniter->runController(Object(App\Controllers\Front))
#7 C:\xampp\htdocs\spmi-unifa\vendor\codeigniter4\framework\system\CodeIgniter.php(326): CodeIgniter\CodeIgniter->handleRequest(NULL, Object(Config\Cache), false)
#8 C:\xampp\htdocs\spmi-unifa\public\index.php(45): CodeIgniter\CodeIgniter->run()
#9 C:\xampp\htdocs\spmi-unifa\vendor\codeigniter4\framework\system\Commands\Server\rewrite.php(43): require_once('C:\\xampp\\htdocs...')
#10 {main}
