CRITICAL - 2024-10-13 07:51:24 --> Unable to connect to the database.
Main connection [MySQLi]: No such file or directory
#0 /www/wwwroot/lp2mi.unifa.ac.id/vendor/codeigniter4/framework/system/Database/BaseConnection.php(577): CodeIgniter\Database\BaseConnection->initialize()
#1 /www/wwwroot/lp2mi.unifa.ac.id/vendor/codeigniter4/framework/system/Database/BaseBuilder.php(1539): CodeIgniter\Database\BaseConnection->query()
#2 /www/wwwroot/lp2mi.unifa.ac.id/vendor/codeigniter4/framework/system/Model.php(509): CodeIgniter\Database\BaseBuilder->countAllResults()
#3 /www/wwwroot/lp2mi.unifa.ac.id/vendor/codeigniter4/framework/system/BaseModel.php(1084): CodeIgniter\Model->countAllResults()
#4 /www/wwwroot/lp2mi.unifa.ac.id/app/Controllers/Front.php(27): CodeIgniter\BaseModel->paginate()
#5 /www/wwwroot/lp2mi.unifa.ac.id/vendor/codeigniter4/framework/system/CodeIgniter.php(832): App\Controllers\Front->index()
#6 /www/wwwroot/lp2mi.unifa.ac.id/vendor/codeigniter4/framework/system/CodeIgniter.php(419): CodeIgniter\CodeIgniter->runController()
#7 /www/wwwroot/lp2mi.unifa.ac.id/vendor/codeigniter4/framework/system/CodeIgniter.php(326): CodeIgniter\CodeIgniter->handleRequest()
#8 /www/wwwroot/lp2mi.unifa.ac.id/public/index.php(45): CodeIgniter\CodeIgniter->run()
#9 {main}
CRITICAL - 2024-10-13 07:51:25 --> Unable to connect to the database.
Main connection [MySQLi]: No such file or directory
#0 /www/wwwroot/lp2mi.unifa.ac.id/vendor/codeigniter4/framework/system/Database/BaseConnection.php(577): CodeIgniter\Database\BaseConnection->initialize()
#1 /www/wwwroot/lp2mi.unifa.ac.id/vendor/codeigniter4/framework/system/Database/BaseBuilder.php(1539): CodeIgniter\Database\BaseConnection->query()
#2 /www/wwwroot/lp2mi.unifa.ac.id/vendor/codeigniter4/framework/system/Model.php(509): CodeIgniter\Database\BaseBuilder->countAllResults()
#3 /www/wwwroot/lp2mi.unifa.ac.id/vendor/codeigniter4/framework/system/BaseModel.php(1084): CodeIgniter\Model->countAllResults()
#4 /www/wwwroot/lp2mi.unifa.ac.id/app/Controllers/Front.php(27): CodeIgniter\BaseModel->paginate()
#5 /www/wwwroot/lp2mi.unifa.ac.id/vendor/codeigniter4/framework/system/CodeIgniter.php(832): App\Controllers\Front->index()
#6 /www/wwwroot/lp2mi.unifa.ac.id/vendor/codeigniter4/framework/system/CodeIgniter.php(419): CodeIgniter\CodeIgniter->runController()
#7 /www/wwwroot/lp2mi.unifa.ac.id/vendor/codeigniter4/framework/system/CodeIgniter.php(326): CodeIgniter\CodeIgniter->handleRequest()
#8 /www/wwwroot/lp2mi.unifa.ac.id/public/index.php(45): CodeIgniter\CodeIgniter->run()
#9 {main}
CRITICAL - 2024-10-13 08:54:09 --> Unable to connect to the database.
Main connection [MySQLi]: No such file or directory
#0 /www/wwwroot/lp2mi.unifa.ac.id/vendor/codeigniter4/framework/system/Database/BaseConnection.php(577): CodeIgniter\Database\BaseConnection->initialize()
#1 /www/wwwroot/lp2mi.unifa.ac.id/vendor/codeigniter4/framework/system/Database/BaseBuilder.php(1455): CodeIgniter\Database\BaseConnection->query()
#2 /www/wwwroot/lp2mi.unifa.ac.id/vendor/codeigniter4/framework/system/Model.php(728): CodeIgniter\Database\BaseBuilder->get()
#3 /www/wwwroot/lp2mi.unifa.ac.id/app/Controllers/Front.php(230): CodeIgniter\Model->__call()
#4 /www/wwwroot/lp2mi.unifa.ac.id/vendor/codeigniter4/framework/system/CodeIgniter.php(832): App\Controllers\Front->blogdetail()
#5 /www/wwwroot/lp2mi.unifa.ac.id/vendor/codeigniter4/framework/system/CodeIgniter.php(419): CodeIgniter\CodeIgniter->runController()
#6 /www/wwwroot/lp2mi.unifa.ac.id/vendor/codeigniter4/framework/system/CodeIgniter.php(326): CodeIgniter\CodeIgniter->handleRequest()
#7 /www/wwwroot/lp2mi.unifa.ac.id/public/index.php(45): CodeIgniter\CodeIgniter->run()
#8 {main}
CRITICAL - 2024-10-13 10:17:58 --> Unable to connect to the database.
Main connection [MySQLi]: No such file or directory
#0 /www/wwwroot/lp2mi.unifa.ac.id/vendor/codeigniter4/framework/system/Database/BaseConnection.php(577): CodeIgniter\Database\BaseConnection->initialize()
#1 /www/wwwroot/lp2mi.unifa.ac.id/vendor/codeigniter4/framework/system/Database/BaseBuilder.php(1539): CodeIgniter\Database\BaseConnection->query()
#2 /www/wwwroot/lp2mi.unifa.ac.id/vendor/codeigniter4/framework/system/Model.php(509): CodeIgniter\Database\BaseBuilder->countAllResults()
#3 /www/wwwroot/lp2mi.unifa.ac.id/vendor/codeigniter4/framework/system/BaseModel.php(1084): CodeIgniter\Model->countAllResults()
#4 /www/wwwroot/lp2mi.unifa.ac.id/app/Controllers/Front.php(27): CodeIgniter\BaseModel->paginate()
#5 /www/wwwroot/lp2mi.unifa.ac.id/vendor/codeigniter4/framework/system/CodeIgniter.php(832): App\Controllers\Front->index()
#6 /www/wwwroot/lp2mi.unifa.ac.id/vendor/codeigniter4/framework/system/CodeIgniter.php(419): CodeIgniter\CodeIgniter->runController()
#7 /www/wwwroot/lp2mi.unifa.ac.id/vendor/codeigniter4/framework/system/CodeIgniter.php(326): CodeIgniter\CodeIgniter->handleRequest()
#8 /www/wwwroot/lp2mi.unifa.ac.id/public/index.php(45): CodeIgniter\CodeIgniter->run()
#9 {main}
CRITICAL - 2024-10-13 10:34:54 --> Unable to connect to the database.
Main connection [MySQLi]: No such file or directory
#0 /www/wwwroot/lp2mi.unifa.ac.id/vendor/codeigniter4/framework/system/Database/BaseConnection.php(577): CodeIgniter\Database\BaseConnection->initialize()
#1 /www/wwwroot/lp2mi.unifa.ac.id/vendor/codeigniter4/framework/system/Database/BaseBuilder.php(1539): CodeIgniter\Database\BaseConnection->query()
#2 /www/wwwroot/lp2mi.unifa.ac.id/vendor/codeigniter4/framework/system/Model.php(509): CodeIgniter\Database\BaseBuilder->countAllResults()
#3 /www/wwwroot/lp2mi.unifa.ac.id/vendor/codeigniter4/framework/system/BaseModel.php(1084): CodeIgniter\Model->countAllResults()
#4 /www/wwwroot/lp2mi.unifa.ac.id/app/Controllers/Front.php(27): CodeIgniter\BaseModel->paginate()
#5 /www/wwwroot/lp2mi.unifa.ac.id/vendor/codeigniter4/framework/system/CodeIgniter.php(832): App\Controllers\Front->index()
#6 /www/wwwroot/lp2mi.unifa.ac.id/vendor/codeigniter4/framework/system/CodeIgniter.php(419): CodeIgniter\CodeIgniter->runController()
#7 /www/wwwroot/lp2mi.unifa.ac.id/vendor/codeigniter4/framework/system/CodeIgniter.php(326): CodeIgniter\CodeIgniter->handleRequest()
#8 /www/wwwroot/lp2mi.unifa.ac.id/public/index.php(45): CodeIgniter\CodeIgniter->run()
#9 {main}
CRITICAL - 2024-10-13 10:51:55 --> Unable to connect to the database.
Main connection [MySQLi]: No such file or directory
#0 /www/wwwroot/lp2mi.unifa.ac.id/vendor/codeigniter4/framework/system/Database/BaseConnection.php(577): CodeIgniter\Database\BaseConnection->initialize()
#1 /www/wwwroot/lp2mi.unifa.ac.id/vendor/codeigniter4/framework/system/Database/BaseBuilder.php(1539): CodeIgniter\Database\BaseConnection->query()
#2 /www/wwwroot/lp2mi.unifa.ac.id/vendor/codeigniter4/framework/system/Model.php(509): CodeIgniter\Database\BaseBuilder->countAllResults()
#3 /www/wwwroot/lp2mi.unifa.ac.id/vendor/codeigniter4/framework/system/BaseModel.php(1084): CodeIgniter\Model->countAllResults()
#4 /www/wwwroot/lp2mi.unifa.ac.id/app/Controllers/Front.php(27): CodeIgniter\BaseModel->paginate()
#5 /www/wwwroot/lp2mi.unifa.ac.id/vendor/codeigniter4/framework/system/CodeIgniter.php(832): App\Controllers\Front->index()
#6 /www/wwwroot/lp2mi.unifa.ac.id/vendor/codeigniter4/framework/system/CodeIgniter.php(419): CodeIgniter\CodeIgniter->runController()
#7 /www/wwwroot/lp2mi.unifa.ac.id/vendor/codeigniter4/framework/system/CodeIgniter.php(326): CodeIgniter\CodeIgniter->handleRequest()
#8 /www/wwwroot/lp2mi.unifa.ac.id/public/index.php(45): CodeIgniter\CodeIgniter->run()
#9 {main}
CRITICAL - 2024-10-13 11:12:33 --> Unable to connect to the database.
Main connection [MySQLi]: No such file or directory
#0 /www/wwwroot/lp2mi.unifa.ac.id/vendor/codeigniter4/framework/system/Database/BaseConnection.php(577): CodeIgniter\Database\BaseConnection->initialize()
#1 /www/wwwroot/lp2mi.unifa.ac.id/vendor/codeigniter4/framework/system/Database/BaseBuilder.php(1455): CodeIgniter\Database\BaseConnection->query()
#2 /www/wwwroot/lp2mi.unifa.ac.id/vendor/codeigniter4/framework/system/Model.php(728): CodeIgniter\Database\BaseBuilder->get()
#3 /www/wwwroot/lp2mi.unifa.ac.id/app/Controllers/Front.php(230): CodeIgniter\Model->__call()
#4 /www/wwwroot/lp2mi.unifa.ac.id/vendor/codeigniter4/framework/system/CodeIgniter.php(832): App\Controllers\Front->blogdetail()
#5 /www/wwwroot/lp2mi.unifa.ac.id/vendor/codeigniter4/framework/system/CodeIgniter.php(419): CodeIgniter\CodeIgniter->runController()
#6 /www/wwwroot/lp2mi.unifa.ac.id/vendor/codeigniter4/framework/system/CodeIgniter.php(326): CodeIgniter\CodeIgniter->handleRequest()
#7 /www/wwwroot/lp2mi.unifa.ac.id/public/index.php(45): CodeIgniter\CodeIgniter->run()
#8 {main}
CRITICAL - 2024-10-13 11:36:55 --> Unable to connect to the database.
Main connection [MySQLi]: No such file or directory
#0 /www/wwwroot/lp2mi.unifa.ac.id/vendor/codeigniter4/framework/system/Database/BaseConnection.php(577): CodeIgniter\Database\BaseConnection->initialize()
#1 /www/wwwroot/lp2mi.unifa.ac.id/vendor/codeigniter4/framework/system/Database/BaseBuilder.php(1539): CodeIgniter\Database\BaseConnection->query()
#2 /www/wwwroot/lp2mi.unifa.ac.id/vendor/codeigniter4/framework/system/Model.php(509): CodeIgniter\Database\BaseBuilder->countAllResults()
#3 /www/wwwroot/lp2mi.unifa.ac.id/vendor/codeigniter4/framework/system/BaseModel.php(1084): CodeIgniter\Model->countAllResults()
#4 /www/wwwroot/lp2mi.unifa.ac.id/app/Controllers/Front.php(27): CodeIgniter\BaseModel->paginate()
#5 /www/wwwroot/lp2mi.unifa.ac.id/vendor/codeigniter4/framework/system/CodeIgniter.php(832): App\Controllers\Front->index()
#6 /www/wwwroot/lp2mi.unifa.ac.id/vendor/codeigniter4/framework/system/CodeIgniter.php(419): CodeIgniter\CodeIgniter->runController()
#7 /www/wwwroot/lp2mi.unifa.ac.id/vendor/codeigniter4/framework/system/CodeIgniter.php(326): CodeIgniter\CodeIgniter->handleRequest()
#8 /www/wwwroot/lp2mi.unifa.ac.id/public/index.php(45): CodeIgniter\CodeIgniter->run()
#9 {main}
CRITICAL - 2024-10-13 12:10:41 --> Unable to connect to the database.
Main connection [MySQLi]: No such file or directory
#0 /www/wwwroot/lp2mi.unifa.ac.id/vendor/codeigniter4/framework/system/Database/BaseConnection.php(577): CodeIgniter\Database\BaseConnection->initialize()
#1 /www/wwwroot/lp2mi.unifa.ac.id/vendor/codeigniter4/framework/system/Database/BaseBuilder.php(1455): CodeIgniter\Database\BaseConnection->query()
#2 /www/wwwroot/lp2mi.unifa.ac.id/vendor/codeigniter4/framework/system/Model.php(728): CodeIgniter\Database\BaseBuilder->get()
#3 /www/wwwroot/lp2mi.unifa.ac.id/app/Controllers/Front.php(230): CodeIgniter\Model->__call()
#4 /www/wwwroot/lp2mi.unifa.ac.id/vendor/codeigniter4/framework/system/CodeIgniter.php(832): App\Controllers\Front->blogdetail()
#5 /www/wwwroot/lp2mi.unifa.ac.id/vendor/codeigniter4/framework/system/CodeIgniter.php(419): CodeIgniter\CodeIgniter->runController()
#6 /www/wwwroot/lp2mi.unifa.ac.id/vendor/codeigniter4/framework/system/CodeIgniter.php(326): CodeIgniter\CodeIgniter->handleRequest()
#7 /www/wwwroot/lp2mi.unifa.ac.id/public/index.php(45): CodeIgniter\CodeIgniter->run()
#8 {main}
CRITICAL - 2024-10-13 12:30:01 --> Unable to connect to the database.
Main connection [MySQLi]: No such file or directory
#0 /www/wwwroot/lp2mi.unifa.ac.id/vendor/codeigniter4/framework/system/Database/BaseConnection.php(577): CodeIgniter\Database\BaseConnection->initialize()
#1 /www/wwwroot/lp2mi.unifa.ac.id/vendor/codeigniter4/framework/system/Database/BaseBuilder.php(1455): CodeIgniter\Database\BaseConnection->query()
#2 /www/wwwroot/lp2mi.unifa.ac.id/vendor/codeigniter4/framework/system/Model.php(183): CodeIgniter\Database\BaseBuilder->get()
#3 /www/wwwroot/lp2mi.unifa.ac.id/vendor/codeigniter4/framework/system/BaseModel.php(584): CodeIgniter\Model->doFindAll()
#4 /www/wwwroot/lp2mi.unifa.ac.id/app/Controllers/Front.php(149): CodeIgniter\BaseModel->findAll()
#5 /www/wwwroot/lp2mi.unifa.ac.id/vendor/codeigniter4/framework/system/CodeIgniter.php(832): App\Controllers\Front->peraturan_universitas()
#6 /www/wwwroot/lp2mi.unifa.ac.id/vendor/codeigniter4/framework/system/CodeIgniter.php(419): CodeIgniter\CodeIgniter->runController()
#7 /www/wwwroot/lp2mi.unifa.ac.id/vendor/codeigniter4/framework/system/CodeIgniter.php(326): CodeIgniter\CodeIgniter->handleRequest()
#8 /www/wwwroot/lp2mi.unifa.ac.id/public/index.php(45): CodeIgniter\CodeIgniter->run()
#9 {main}
CRITICAL - 2024-10-13 14:05:59 --> Unable to connect to the database.
Main connection [MySQLi]: No such file or directory
#0 /www/wwwroot/lp2mi.unifa.ac.id/vendor/codeigniter4/framework/system/Database/BaseConnection.php(577): CodeIgniter\Database\BaseConnection->initialize()
#1 /www/wwwroot/lp2mi.unifa.ac.id/vendor/codeigniter4/framework/system/Database/BaseBuilder.php(1539): CodeIgniter\Database\BaseConnection->query()
#2 /www/wwwroot/lp2mi.unifa.ac.id/vendor/codeigniter4/framework/system/Model.php(509): CodeIgniter\Database\BaseBuilder->countAllResults()
#3 /www/wwwroot/lp2mi.unifa.ac.id/vendor/codeigniter4/framework/system/BaseModel.php(1084): CodeIgniter\Model->countAllResults()
#4 /www/wwwroot/lp2mi.unifa.ac.id/app/Controllers/Front.php(27): CodeIgniter\BaseModel->paginate()
#5 /www/wwwroot/lp2mi.unifa.ac.id/vendor/codeigniter4/framework/system/CodeIgniter.php(832): App\Controllers\Front->index()
#6 /www/wwwroot/lp2mi.unifa.ac.id/vendor/codeigniter4/framework/system/CodeIgniter.php(419): CodeIgniter\CodeIgniter->runController()
#7 /www/wwwroot/lp2mi.unifa.ac.id/vendor/codeigniter4/framework/system/CodeIgniter.php(326): CodeIgniter\CodeIgniter->handleRequest()
#8 /www/wwwroot/lp2mi.unifa.ac.id/public/index.php(45): CodeIgniter\CodeIgniter->run()
#9 {main}
CRITICAL - 2024-10-13 19:05:51 --> Unable to connect to the database.
Main connection [MySQLi]: No such file or directory
#0 /www/wwwroot/lp2mi.unifa.ac.id/vendor/codeigniter4/framework/system/Database/BaseConnection.php(577): CodeIgniter\Database\BaseConnection->initialize()
#1 /www/wwwroot/lp2mi.unifa.ac.id/vendor/codeigniter4/framework/system/Database/BaseBuilder.php(1539): CodeIgniter\Database\BaseConnection->query()
#2 /www/wwwroot/lp2mi.unifa.ac.id/vendor/codeigniter4/framework/system/Model.php(509): CodeIgniter\Database\BaseBuilder->countAllResults()
#3 /www/wwwroot/lp2mi.unifa.ac.id/vendor/codeigniter4/framework/system/BaseModel.php(1084): CodeIgniter\Model->countAllResults()
#4 /www/wwwroot/lp2mi.unifa.ac.id/app/Controllers/Front.php(27): CodeIgniter\BaseModel->paginate()
#5 /www/wwwroot/lp2mi.unifa.ac.id/vendor/codeigniter4/framework/system/CodeIgniter.php(832): App\Controllers\Front->index()
#6 /www/wwwroot/lp2mi.unifa.ac.id/vendor/codeigniter4/framework/system/CodeIgniter.php(419): CodeIgniter\CodeIgniter->runController()
#7 /www/wwwroot/lp2mi.unifa.ac.id/vendor/codeigniter4/framework/system/CodeIgniter.php(326): CodeIgniter\CodeIgniter->handleRequest()
#8 /www/wwwroot/lp2mi.unifa.ac.id/public/index.php(45): CodeIgniter\CodeIgniter->run()
#9 {main}
CRITICAL - 2024-10-13 20:28:14 --> Unable to connect to the database.
Main connection [MySQLi]: No such file or directory
#0 /www/wwwroot/lp2mi.unifa.ac.id/vendor/codeigniter4/framework/system/Database/BaseConnection.php(577): CodeIgniter\Database\BaseConnection->initialize()
#1 /www/wwwroot/lp2mi.unifa.ac.id/vendor/codeigniter4/framework/system/Database/BaseBuilder.php(1455): CodeIgniter\Database\BaseConnection->query()
#2 /www/wwwroot/lp2mi.unifa.ac.id/vendor/codeigniter4/framework/system/Model.php(728): CodeIgniter\Database\BaseBuilder->get()
#3 /www/wwwroot/lp2mi.unifa.ac.id/app/Controllers/Front.php(230): CodeIgniter\Model->__call()
#4 /www/wwwroot/lp2mi.unifa.ac.id/vendor/codeigniter4/framework/system/CodeIgniter.php(832): App\Controllers\Front->blogdetail()
#5 /www/wwwroot/lp2mi.unifa.ac.id/vendor/codeigniter4/framework/system/CodeIgniter.php(419): CodeIgniter\CodeIgniter->runController()
#6 /www/wwwroot/lp2mi.unifa.ac.id/vendor/codeigniter4/framework/system/CodeIgniter.php(326): CodeIgniter\CodeIgniter->handleRequest()
#7 /www/wwwroot/lp2mi.unifa.ac.id/public/index.php(45): CodeIgniter\CodeIgniter->run()
#8 {main}
