CRITICAL - 2024-11-01 04:17:02 --> Unable to connect to the database.
Main connection [MySQLi]: No such file or directory
#0 /www/wwwroot/lp2mi.unifa.ac.id/vendor/codeigniter4/framework/system/Database/BaseConnection.php(577): CodeIgniter\Database\BaseConnection->initialize()
#1 /www/wwwroot/lp2mi.unifa.ac.id/vendor/codeigniter4/framework/system/Database/BaseBuilder.php(1539): CodeIgniter\Database\BaseConnection->query()
#2 /www/wwwroot/lp2mi.unifa.ac.id/vendor/codeigniter4/framework/system/Model.php(509): CodeIgniter\Database\BaseBuilder->countAllResults()
#3 /www/wwwroot/lp2mi.unifa.ac.id/vendor/codeigniter4/framework/system/BaseModel.php(1084): CodeIgniter\Model->countAllResults()
#4 /www/wwwroot/lp2mi.unifa.ac.id/app/Controllers/Front.php(27): CodeIgniter\BaseModel->paginate()
#5 /www/wwwroot/lp2mi.unifa.ac.id/vendor/codeigniter4/framework/system/CodeIgniter.php(832): App\Controllers\Front->index()
#6 /www/wwwroot/lp2mi.unifa.ac.id/vendor/codeigniter4/framework/system/CodeIgniter.php(419): CodeIgniter\CodeIgniter->runController()
#7 /www/wwwroot/lp2mi.unifa.ac.id/vendor/codeigniter4/framework/system/CodeIgniter.php(326): CodeIgniter\CodeIgniter->handleRequest()
#8 /www/wwwroot/lp2mi.unifa.ac.id/public/index.php(45): CodeIgniter\CodeIgniter->run()
#9 {main}
CRITICAL - 2024-11-01 05:00:08 --> Unable to connect to the database.
Main connection [MySQLi]: No such file or directory
#0 /www/wwwroot/lp2mi.unifa.ac.id/vendor/codeigniter4/framework/system/Database/BaseConnection.php(577): CodeIgniter\Database\BaseConnection->initialize()
#1 /www/wwwroot/lp2mi.unifa.ac.id/vendor/codeigniter4/framework/system/Database/BaseBuilder.php(1539): CodeIgniter\Database\BaseConnection->query()
#2 /www/wwwroot/lp2mi.unifa.ac.id/vendor/codeigniter4/framework/system/Model.php(509): CodeIgniter\Database\BaseBuilder->countAllResults()
#3 /www/wwwroot/lp2mi.unifa.ac.id/vendor/codeigniter4/framework/system/BaseModel.php(1084): CodeIgniter\Model->countAllResults()
#4 /www/wwwroot/lp2mi.unifa.ac.id/app/Controllers/Front.php(27): CodeIgniter\BaseModel->paginate()
#5 /www/wwwroot/lp2mi.unifa.ac.id/vendor/codeigniter4/framework/system/CodeIgniter.php(832): App\Controllers\Front->index()
#6 /www/wwwroot/lp2mi.unifa.ac.id/vendor/codeigniter4/framework/system/CodeIgniter.php(419): CodeIgniter\CodeIgniter->runController()
#7 /www/wwwroot/lp2mi.unifa.ac.id/vendor/codeigniter4/framework/system/CodeIgniter.php(326): CodeIgniter\CodeIgniter->handleRequest()
#8 /www/wwwroot/lp2mi.unifa.ac.id/public/index.php(45): CodeIgniter\CodeIgniter->run()
#9 {main}
