CRITICAL - 2022-05-26 04:17:50 --> Call to a member function getResult() on bool
#0 C:\xampp\htdocs\spmi-unifa\vendor\codeigniter4\framework\system\BaseModel.php(584): CodeIgniter\Model->doFindAll(0, 0)
#1 C:\xampp\htdocs\spmi-unifa\app\Controllers\Front.php(13): CodeIgniter\BaseModel->findAll()
#2 C:\xampp\htdocs\spmi-unifa\vendor\codeigniter4\framework\system\CodeIgniter.php(832): App\Controllers\Front->index()
#3 C:\xampp\htdocs\spmi-unifa\vendor\codeigniter4\framework\system\CodeIgniter.php(419): CodeIgniter\CodeIgniter->runController(Object(App\Controllers\Front))
#4 C:\xampp\htdocs\spmi-unifa\vendor\codeigniter4\framework\system\CodeIgniter.php(326): CodeIgniter\CodeIgniter->handleRequest(NULL, Object(Config\Cache), false)
#5 C:\xampp\htdocs\spmi-unifa\public\index.php(45): CodeIgniter\CodeIgniter->run()
#6 C:\xampp\htdocs\spmi-unifa\vendor\codeigniter4\framework\system\Commands\Server\rewrite.php(43): require_once('C:\\xampp\\htdocs...')
#7 {main}
CRITICAL - 2022-05-26 04:18:22 --> Table 'spmi-unifa.tb_posting' doesn't exist
#0 C:\xampp\htdocs\spmi-unifa\vendor\codeigniter4\framework\system\Database\MySQLi\Connection.php(292): mysqli->query('SELECT *\nFROM `...', 0)
#1 C:\xampp\htdocs\spmi-unifa\vendor\codeigniter4\framework\system\Database\BaseConnection.php(670): CodeIgniter\Database\MySQLi\Connection->execute('SELECT *\nFROM `...')
#2 C:\xampp\htdocs\spmi-unifa\vendor\codeigniter4\framework\system\Database\BaseConnection.php(598): CodeIgniter\Database\BaseConnection->simpleQuery('SELECT *\nFROM `...')
#3 C:\xampp\htdocs\spmi-unifa\vendor\codeigniter4\framework\system\Database\BaseBuilder.php(1455): CodeIgniter\Database\BaseConnection->query('SELECT *\nFROM `...', Array, false)
#4 C:\xampp\htdocs\spmi-unifa\vendor\codeigniter4\framework\system\Model.php(183): CodeIgniter\Database\BaseBuilder->get()
#5 C:\xampp\htdocs\spmi-unifa\vendor\codeigniter4\framework\system\BaseModel.php(584): CodeIgniter\Model->doFindAll(0, 0)
#6 C:\xampp\htdocs\spmi-unifa\app\Controllers\Front.php(13): CodeIgniter\BaseModel->findAll()
#7 C:\xampp\htdocs\spmi-unifa\vendor\codeigniter4\framework\system\CodeIgniter.php(832): App\Controllers\Front->index()
#8 C:\xampp\htdocs\spmi-unifa\vendor\codeigniter4\framework\system\CodeIgniter.php(419): CodeIgniter\CodeIgniter->runController(Object(App\Controllers\Front))
#9 C:\xampp\htdocs\spmi-unifa\vendor\codeigniter4\framework\system\CodeIgniter.php(326): CodeIgniter\CodeIgniter->handleRequest(NULL, Object(Config\Cache), false)
#10 C:\xampp\htdocs\spmi-unifa\public\index.php(45): CodeIgniter\CodeIgniter->run()
#11 C:\xampp\htdocs\spmi-unifa\vendor\codeigniter4\framework\system\Commands\Server\rewrite.php(43): require_once('C:\\xampp\\htdocs...')
#12 {main}
CRITICAL - 2022-05-26 04:18:42 --> Class 'App\Entities\PostinganEntities' not found
#0 [internal function]: CodeIgniter\Debug\Exceptions->shutdownHandler()
#1 {main}
CRITICAL - 2022-05-26 04:19:04 --> Undefined variable: data_postingan
#0 C:\xampp\htdocs\spmi-unifa\app\Views\Front\main-layout.php(86): CodeIgniter\Debug\Exceptions->errorHandler(8, 'Undefined varia...', 'C:\\xampp\\htdocs...', 86, Array)
#1 C:\xampp\htdocs\spmi-unifa\vendor\codeigniter4\framework\system\View\View.php(210): include('C:\\xampp\\htdocs...')
#2 C:\xampp\htdocs\spmi-unifa\vendor\codeigniter4\framework\system\View\View.php(213): CodeIgniter\View\View->CodeIgniter\View\{closure}()
#3 C:\xampp\htdocs\spmi-unifa\vendor\codeigniter4\framework\system\Common.php(1089): CodeIgniter\View\View->render('Front/main-layo...', Array, true)
#4 C:\xampp\htdocs\spmi-unifa\app\Controllers\Front.php(19): view('Front/main-layo...', Array)
#5 C:\xampp\htdocs\spmi-unifa\vendor\codeigniter4\framework\system\CodeIgniter.php(832): App\Controllers\Front->index()
#6 C:\xampp\htdocs\spmi-unifa\vendor\codeigniter4\framework\system\CodeIgniter.php(419): CodeIgniter\CodeIgniter->runController(Object(App\Controllers\Front))
#7 C:\xampp\htdocs\spmi-unifa\vendor\codeigniter4\framework\system\CodeIgniter.php(326): CodeIgniter\CodeIgniter->handleRequest(NULL, Object(Config\Cache), false)
#8 C:\xampp\htdocs\spmi-unifa\public\index.php(45): CodeIgniter\CodeIgniter->run()
#9 C:\xampp\htdocs\spmi-unifa\vendor\codeigniter4\framework\system\Commands\Server\rewrite.php(43): require_once('C:\\xampp\\htdocs...')
#10 {main}
CRITICAL - 2022-05-26 04:19:21 --> Array to string conversion
#0 C:\xampp\htdocs\spmi-unifa\app\Views\Front\main-layout.php(86): CodeIgniter\Debug\Exceptions->errorHandler(8, 'Array to string...', 'C:\\xampp\\htdocs...', 86, Array)
#1 C:\xampp\htdocs\spmi-unifa\vendor\codeigniter4\framework\system\View\View.php(210): include('C:\\xampp\\htdocs...')
#2 C:\xampp\htdocs\spmi-unifa\vendor\codeigniter4\framework\system\View\View.php(213): CodeIgniter\View\View->CodeIgniter\View\{closure}()
#3 C:\xampp\htdocs\spmi-unifa\vendor\codeigniter4\framework\system\Common.php(1089): CodeIgniter\View\View->render('Front/main-layo...', Array, true)
#4 C:\xampp\htdocs\spmi-unifa\app\Controllers\Front.php(19): view('Front/main-layo...', Array)
#5 C:\xampp\htdocs\spmi-unifa\vendor\codeigniter4\framework\system\CodeIgniter.php(832): App\Controllers\Front->index()
#6 C:\xampp\htdocs\spmi-unifa\vendor\codeigniter4\framework\system\CodeIgniter.php(419): CodeIgniter\CodeIgniter->runController(Object(App\Controllers\Front))
#7 C:\xampp\htdocs\spmi-unifa\vendor\codeigniter4\framework\system\CodeIgniter.php(326): CodeIgniter\CodeIgniter->handleRequest(NULL, Object(Config\Cache), false)
#8 C:\xampp\htdocs\spmi-unifa\public\index.php(45): CodeIgniter\CodeIgniter->run()
#9 C:\xampp\htdocs\spmi-unifa\vendor\codeigniter4\framework\system\Commands\Server\rewrite.php(43): require_once('C:\\xampp\\htdocs...')
#10 {main}
CRITICAL - 2022-05-26 04:21:12 --> Trying to get property 'judul' of non-object
#0 C:\xampp\htdocs\spmi-unifa\app\Views\Front\main-layout.php(88): CodeIgniter\Debug\Exceptions->errorHandler(8, 'Trying to get p...', 'C:\\xampp\\htdocs...', 88, Array)
#1 C:\xampp\htdocs\spmi-unifa\vendor\codeigniter4\framework\system\View\View.php(210): include('C:\\xampp\\htdocs...')
#2 C:\xampp\htdocs\spmi-unifa\vendor\codeigniter4\framework\system\View\View.php(213): CodeIgniter\View\View->CodeIgniter\View\{closure}()
#3 C:\xampp\htdocs\spmi-unifa\vendor\codeigniter4\framework\system\Common.php(1089): CodeIgniter\View\View->render('Front/main-layo...', Array, true)
#4 C:\xampp\htdocs\spmi-unifa\app\Controllers\Front.php(19): view('Front/main-layo...', Array)
#5 C:\xampp\htdocs\spmi-unifa\vendor\codeigniter4\framework\system\CodeIgniter.php(832): App\Controllers\Front->index()
#6 C:\xampp\htdocs\spmi-unifa\vendor\codeigniter4\framework\system\CodeIgniter.php(419): CodeIgniter\CodeIgniter->runController(Object(App\Controllers\Front))
#7 C:\xampp\htdocs\spmi-unifa\vendor\codeigniter4\framework\system\CodeIgniter.php(326): CodeIgniter\CodeIgniter->handleRequest(NULL, Object(Config\Cache), false)
#8 C:\xampp\htdocs\spmi-unifa\public\index.php(45): CodeIgniter\CodeIgniter->run()
#9 C:\xampp\htdocs\spmi-unifa\vendor\codeigniter4\framework\system\Commands\Server\rewrite.php(43): require_once('C:\\xampp\\htdocs...')
#10 {main}
CRITICAL - 2022-05-26 04:34:42 --> Cannot use object of type mysqli as array
#0 C:\xampp\htdocs\spmi-unifa\vendor\codeigniter4\framework\system\View\View.php(210): include()
#1 C:\xampp\htdocs\spmi-unifa\vendor\codeigniter4\framework\system\View\View.php(213): CodeIgniter\View\View->CodeIgniter\View\{closure}()
#2 C:\xampp\htdocs\spmi-unifa\vendor\codeigniter4\framework\system\Common.php(1089): CodeIgniter\View\View->render('Front/main-layo...', Array, true)
#3 C:\xampp\htdocs\spmi-unifa\app\Controllers\Front.php(19): view('Front/main-layo...', Array)
#4 C:\xampp\htdocs\spmi-unifa\vendor\codeigniter4\framework\system\CodeIgniter.php(832): App\Controllers\Front->index()
#5 C:\xampp\htdocs\spmi-unifa\vendor\codeigniter4\framework\system\CodeIgniter.php(419): CodeIgniter\CodeIgniter->runController(Object(App\Controllers\Front))
#6 C:\xampp\htdocs\spmi-unifa\vendor\codeigniter4\framework\system\CodeIgniter.php(326): CodeIgniter\CodeIgniter->handleRequest(NULL, Object(Config\Cache), false)
#7 C:\xampp\htdocs\spmi-unifa\public\index.php(45): CodeIgniter\CodeIgniter->run()
#8 C:\xampp\htdocs\spmi-unifa\vendor\codeigniter4\framework\system\Commands\Server\rewrite.php(43): require_once('C:\\xampp\\htdocs...')
#9 {main}
CRITICAL - 2022-05-26 04:35:32 --> Undefined property: mysqli::$judul
#0 C:\xampp\htdocs\spmi-unifa\app\Views\Front\main-layout.php(90): CodeIgniter\Debug\Exceptions->errorHandler(8, 'Undefined prope...', 'C:\\xampp\\htdocs...', 90, Array)
#1 C:\xampp\htdocs\spmi-unifa\vendor\codeigniter4\framework\system\View\View.php(210): include('C:\\xampp\\htdocs...')
#2 C:\xampp\htdocs\spmi-unifa\vendor\codeigniter4\framework\system\View\View.php(213): CodeIgniter\View\View->CodeIgniter\View\{closure}()
#3 C:\xampp\htdocs\spmi-unifa\vendor\codeigniter4\framework\system\Common.php(1089): CodeIgniter\View\View->render('Front/main-layo...', Array, true)
#4 C:\xampp\htdocs\spmi-unifa\app\Controllers\Front.php(19): view('Front/main-layo...', Array)
#5 C:\xampp\htdocs\spmi-unifa\vendor\codeigniter4\framework\system\CodeIgniter.php(832): App\Controllers\Front->index()
#6 C:\xampp\htdocs\spmi-unifa\vendor\codeigniter4\framework\system\CodeIgniter.php(419): CodeIgniter\CodeIgniter->runController(Object(App\Controllers\Front))
#7 C:\xampp\htdocs\spmi-unifa\vendor\codeigniter4\framework\system\CodeIgniter.php(326): CodeIgniter\CodeIgniter->handleRequest(NULL, Object(Config\Cache), false)
#8 C:\xampp\htdocs\spmi-unifa\public\index.php(45): CodeIgniter\CodeIgniter->run()
#9 C:\xampp\htdocs\spmi-unifa\vendor\codeigniter4\framework\system\Commands\Server\rewrite.php(43): require_once('C:\\xampp\\htdocs...')
#10 {main}
CRITICAL - 2022-05-26 04:35:59 --> json_decode() expects parameter 1 to be string, object given
#0 [internal function]: CodeIgniter\Debug\Exceptions->errorHandler(2, 'json_decode() e...', 'C:\\xampp\\htdocs...', 86, Array)
#1 C:\xampp\htdocs\spmi-unifa\app\Views\Front\main-layout.php(86): json_decode(Object(CodeIgniter\Database\MySQLi\Result), true)
#2 C:\xampp\htdocs\spmi-unifa\vendor\codeigniter4\framework\system\View\View.php(210): include('C:\\xampp\\htdocs...')
#3 C:\xampp\htdocs\spmi-unifa\vendor\codeigniter4\framework\system\View\View.php(213): CodeIgniter\View\View->CodeIgniter\View\{closure}()
#4 C:\xampp\htdocs\spmi-unifa\vendor\codeigniter4\framework\system\Common.php(1089): CodeIgniter\View\View->render('Front/main-layo...', Array, true)
#5 C:\xampp\htdocs\spmi-unifa\app\Controllers\Front.php(19): view('Front/main-layo...', Array)
#6 C:\xampp\htdocs\spmi-unifa\vendor\codeigniter4\framework\system\CodeIgniter.php(832): App\Controllers\Front->index()
#7 C:\xampp\htdocs\spmi-unifa\vendor\codeigniter4\framework\system\CodeIgniter.php(419): CodeIgniter\CodeIgniter->runController(Object(App\Controllers\Front))
#8 C:\xampp\htdocs\spmi-unifa\vendor\codeigniter4\framework\system\CodeIgniter.php(326): CodeIgniter\CodeIgniter->handleRequest(NULL, Object(Config\Cache), false)
#9 C:\xampp\htdocs\spmi-unifa\public\index.php(45): CodeIgniter\CodeIgniter->run()
#10 C:\xampp\htdocs\spmi-unifa\vendor\codeigniter4\framework\system\Commands\Server\rewrite.php(43): require_once('C:\\xampp\\htdocs...')
#11 {main}
CRITICAL - 2022-05-26 04:36:14 --> Undefined property: mysqli::$judul
#0 C:\xampp\htdocs\spmi-unifa\app\Views\Front\main-layout.php(90): CodeIgniter\Debug\Exceptions->errorHandler(8, 'Undefined prope...', 'C:\\xampp\\htdocs...', 90, Array)
#1 C:\xampp\htdocs\spmi-unifa\vendor\codeigniter4\framework\system\View\View.php(210): include('C:\\xampp\\htdocs...')
#2 C:\xampp\htdocs\spmi-unifa\vendor\codeigniter4\framework\system\View\View.php(213): CodeIgniter\View\View->CodeIgniter\View\{closure}()
#3 C:\xampp\htdocs\spmi-unifa\vendor\codeigniter4\framework\system\Common.php(1089): CodeIgniter\View\View->render('Front/main-layo...', Array, true)
#4 C:\xampp\htdocs\spmi-unifa\app\Controllers\Front.php(19): view('Front/main-layo...', Array)
#5 C:\xampp\htdocs\spmi-unifa\vendor\codeigniter4\framework\system\CodeIgniter.php(832): App\Controllers\Front->index()
#6 C:\xampp\htdocs\spmi-unifa\vendor\codeigniter4\framework\system\CodeIgniter.php(419): CodeIgniter\CodeIgniter->runController(Object(App\Controllers\Front))
#7 C:\xampp\htdocs\spmi-unifa\vendor\codeigniter4\framework\system\CodeIgniter.php(326): CodeIgniter\CodeIgniter->handleRequest(NULL, Object(Config\Cache), false)
#8 C:\xampp\htdocs\spmi-unifa\public\index.php(45): CodeIgniter\CodeIgniter->run()
#9 C:\xampp\htdocs\spmi-unifa\vendor\codeigniter4\framework\system\Commands\Server\rewrite.php(43): require_once('C:\\xampp\\htdocs...')
#10 {main}
CRITICAL - 2022-05-26 04:36:40 --> Cannot use object of type mysqli as array
#0 C:\xampp\htdocs\spmi-unifa\vendor\codeigniter4\framework\system\View\View.php(210): include()
#1 C:\xampp\htdocs\spmi-unifa\vendor\codeigniter4\framework\system\View\View.php(213): CodeIgniter\View\View->CodeIgniter\View\{closure}()
#2 C:\xampp\htdocs\spmi-unifa\vendor\codeigniter4\framework\system\Common.php(1089): CodeIgniter\View\View->render('Front/main-layo...', Array, true)
#3 C:\xampp\htdocs\spmi-unifa\app\Controllers\Front.php(19): view('Front/main-layo...', Array)
#4 C:\xampp\htdocs\spmi-unifa\vendor\codeigniter4\framework\system\CodeIgniter.php(832): App\Controllers\Front->index()
#5 C:\xampp\htdocs\spmi-unifa\vendor\codeigniter4\framework\system\CodeIgniter.php(419): CodeIgniter\CodeIgniter->runController(Object(App\Controllers\Front))
#6 C:\xampp\htdocs\spmi-unifa\vendor\codeigniter4\framework\system\CodeIgniter.php(326): CodeIgniter\CodeIgniter->handleRequest(NULL, Object(Config\Cache), false)
#7 C:\xampp\htdocs\spmi-unifa\public\index.php(45): CodeIgniter\CodeIgniter->run()
#8 C:\xampp\htdocs\spmi-unifa\vendor\codeigniter4\framework\system\Commands\Server\rewrite.php(43): require_once('C:\\xampp\\htdocs...')
#9 {main}
CRITICAL - 2022-05-26 04:37:39 --> json_decode() expects parameter 1 to be string, object given
#0 [internal function]: CodeIgniter\Debug\Exceptions->errorHandler(2, 'json_decode() e...', 'C:\\xampp\\htdocs...', 86, Array)
#1 C:\xampp\htdocs\spmi-unifa\app\Views\Front\main-layout.php(86): json_decode(Object(CodeIgniter\Database\MySQLi\Result))
#2 C:\xampp\htdocs\spmi-unifa\vendor\codeigniter4\framework\system\View\View.php(210): include('C:\\xampp\\htdocs...')
#3 C:\xampp\htdocs\spmi-unifa\vendor\codeigniter4\framework\system\View\View.php(213): CodeIgniter\View\View->CodeIgniter\View\{closure}()
#4 C:\xampp\htdocs\spmi-unifa\vendor\codeigniter4\framework\system\Common.php(1089): CodeIgniter\View\View->render('Front/main-layo...', Array, true)
#5 C:\xampp\htdocs\spmi-unifa\app\Controllers\Front.php(19): view('Front/main-layo...', Array)
#6 C:\xampp\htdocs\spmi-unifa\vendor\codeigniter4\framework\system\CodeIgniter.php(832): App\Controllers\Front->index()
#7 C:\xampp\htdocs\spmi-unifa\vendor\codeigniter4\framework\system\CodeIgniter.php(419): CodeIgniter\CodeIgniter->runController(Object(App\Controllers\Front))
#8 C:\xampp\htdocs\spmi-unifa\vendor\codeigniter4\framework\system\CodeIgniter.php(326): CodeIgniter\CodeIgniter->handleRequest(NULL, Object(Config\Cache), false)
#9 C:\xampp\htdocs\spmi-unifa\public\index.php(45): CodeIgniter\CodeIgniter->run()
#10 C:\xampp\htdocs\spmi-unifa\vendor\codeigniter4\framework\system\Commands\Server\rewrite.php(43): require_once('C:\\xampp\\htdocs...')
#11 {main}
CRITICAL - 2022-05-26 04:38:12 --> Undefined variable: riana
#0 C:\xampp\htdocs\spmi-unifa\app\Views\Front\main-layout.php(92): CodeIgniter\Debug\Exceptions->errorHandler(8, 'Undefined varia...', 'C:\\xampp\\htdocs...', 92, Array)
#1 C:\xampp\htdocs\spmi-unifa\vendor\codeigniter4\framework\system\View\View.php(210): include('C:\\xampp\\htdocs...')
#2 C:\xampp\htdocs\spmi-unifa\vendor\codeigniter4\framework\system\View\View.php(213): CodeIgniter\View\View->CodeIgniter\View\{closure}()
#3 C:\xampp\htdocs\spmi-unifa\vendor\codeigniter4\framework\system\Common.php(1089): CodeIgniter\View\View->render('Front/main-layo...', Array, true)
#4 C:\xampp\htdocs\spmi-unifa\app\Controllers\Front.php(19): view('Front/main-layo...', Array)
#5 C:\xampp\htdocs\spmi-unifa\vendor\codeigniter4\framework\system\CodeIgniter.php(832): App\Controllers\Front->index()
#6 C:\xampp\htdocs\spmi-unifa\vendor\codeigniter4\framework\system\CodeIgniter.php(419): CodeIgniter\CodeIgniter->runController(Object(App\Controllers\Front))
#7 C:\xampp\htdocs\spmi-unifa\vendor\codeigniter4\framework\system\CodeIgniter.php(326): CodeIgniter\CodeIgniter->handleRequest(NULL, Object(Config\Cache), false)
#8 C:\xampp\htdocs\spmi-unifa\public\index.php(45): CodeIgniter\CodeIgniter->run()
#9 C:\xampp\htdocs\spmi-unifa\vendor\codeigniter4\framework\system\Commands\Server\rewrite.php(43): require_once('C:\\xampp\\htdocs...')
#10 {main}
CRITICAL - 2022-05-26 04:39:41 --> json_decode() expects parameter 1 to be string, array given
#0 [internal function]: CodeIgniter\Debug\Exceptions->errorHandler(2, 'json_decode() e...', 'C:\\xampp\\htdocs...', 86, Array)
#1 C:\xampp\htdocs\spmi-unifa\app\Views\Front\main-layout.php(86): json_decode(Array)
#2 C:\xampp\htdocs\spmi-unifa\vendor\codeigniter4\framework\system\View\View.php(210): include('C:\\xampp\\htdocs...')
#3 C:\xampp\htdocs\spmi-unifa\vendor\codeigniter4\framework\system\View\View.php(213): CodeIgniter\View\View->CodeIgniter\View\{closure}()
#4 C:\xampp\htdocs\spmi-unifa\vendor\codeigniter4\framework\system\Common.php(1089): CodeIgniter\View\View->render('Front/main-layo...', Array, true)
#5 C:\xampp\htdocs\spmi-unifa\app\Controllers\Front.php(19): view('Front/main-layo...', Array)
#6 C:\xampp\htdocs\spmi-unifa\vendor\codeigniter4\framework\system\CodeIgniter.php(832): App\Controllers\Front->index()
#7 C:\xampp\htdocs\spmi-unifa\vendor\codeigniter4\framework\system\CodeIgniter.php(419): CodeIgniter\CodeIgniter->runController(Object(App\Controllers\Front))
#8 C:\xampp\htdocs\spmi-unifa\vendor\codeigniter4\framework\system\CodeIgniter.php(326): CodeIgniter\CodeIgniter->handleRequest(NULL, Object(Config\Cache), false)
#9 C:\xampp\htdocs\spmi-unifa\public\index.php(45): CodeIgniter\CodeIgniter->run()
#10 C:\xampp\htdocs\spmi-unifa\vendor\codeigniter4\framework\system\Commands\Server\rewrite.php(43): require_once('C:\\xampp\\htdocs...')
#11 {main}
CRITICAL - 2022-05-26 04:39:52 --> Cannot use object of type stdClass as array
#0 C:\xampp\htdocs\spmi-unifa\vendor\codeigniter4\framework\system\View\View.php(210): include()
#1 C:\xampp\htdocs\spmi-unifa\vendor\codeigniter4\framework\system\View\View.php(213): CodeIgniter\View\View->CodeIgniter\View\{closure}()
#2 C:\xampp\htdocs\spmi-unifa\vendor\codeigniter4\framework\system\Common.php(1089): CodeIgniter\View\View->render('Front/main-layo...', Array, true)
#3 C:\xampp\htdocs\spmi-unifa\app\Controllers\Front.php(19): view('Front/main-layo...', Array)
#4 C:\xampp\htdocs\spmi-unifa\vendor\codeigniter4\framework\system\CodeIgniter.php(832): App\Controllers\Front->index()
#5 C:\xampp\htdocs\spmi-unifa\vendor\codeigniter4\framework\system\CodeIgniter.php(419): CodeIgniter\CodeIgniter->runController(Object(App\Controllers\Front))
#6 C:\xampp\htdocs\spmi-unifa\vendor\codeigniter4\framework\system\CodeIgniter.php(326): CodeIgniter\CodeIgniter->handleRequest(NULL, Object(Config\Cache), false)
#7 C:\xampp\htdocs\spmi-unifa\public\index.php(45): CodeIgniter\CodeIgniter->run()
#8 C:\xampp\htdocs\spmi-unifa\vendor\codeigniter4\framework\system\Commands\Server\rewrite.php(43): require_once('C:\\xampp\\htdocs...')
#9 {main}
CRITICAL - 2022-05-26 04:46:59 --> Argument 1 passed to CodeIgniter\Database\BaseResult::getResult() must be of the type string, null given, called in C:\xampp\htdocs\spmi-unifa\vendor\codeigniter4\framework\system\Model.php on line 184
#0 C:\xampp\htdocs\spmi-unifa\vendor\codeigniter4\framework\system\Model.php(184): CodeIgniter\Database\BaseResult->getResult(NULL)
#1 C:\xampp\htdocs\spmi-unifa\vendor\codeigniter4\framework\system\BaseModel.php(584): CodeIgniter\Model->doFindAll(3, 0)
#2 C:\xampp\htdocs\spmi-unifa\vendor\codeigniter4\framework\system\BaseModel.php(1088): CodeIgniter\BaseModel->findAll(3, 0)
#3 C:\xampp\htdocs\spmi-unifa\app\Controllers\Front.php(20): CodeIgniter\BaseModel->paginate(3)
#4 C:\xampp\htdocs\spmi-unifa\vendor\codeigniter4\framework\system\CodeIgniter.php(832): App\Controllers\Front->index()
#5 C:\xampp\htdocs\spmi-unifa\vendor\codeigniter4\framework\system\CodeIgniter.php(419): CodeIgniter\CodeIgniter->runController(Object(App\Controllers\Front))
#6 C:\xampp\htdocs\spmi-unifa\vendor\codeigniter4\framework\system\CodeIgniter.php(326): CodeIgniter\CodeIgniter->handleRequest(NULL, Object(Config\Cache), false)
#7 C:\xampp\htdocs\spmi-unifa\public\index.php(45): CodeIgniter\CodeIgniter->run()
#8 C:\xampp\htdocs\spmi-unifa\vendor\codeigniter4\framework\system\Commands\Server\rewrite.php(43): require_once('C:\\xampp\\htdocs...')
#9 {main}
CRITICAL - 2022-05-26 04:52:36 --> Argument 1 passed to CodeIgniter\Database\BaseResult::getResult() must be of the type string, null given, called in C:\xampp\htdocs\spmi-unifa\vendor\codeigniter4\framework\system\Model.php on line 184
#0 C:\xampp\htdocs\spmi-unifa\vendor\codeigniter4\framework\system\Model.php(184): CodeIgniter\Database\BaseResult->getResult(NULL)
#1 C:\xampp\htdocs\spmi-unifa\vendor\codeigniter4\framework\system\BaseModel.php(584): CodeIgniter\Model->doFindAll(2, 0)
#2 C:\xampp\htdocs\spmi-unifa\vendor\codeigniter4\framework\system\BaseModel.php(1088): CodeIgniter\BaseModel->findAll(2, 0)
#3 C:\xampp\htdocs\spmi-unifa\app\Controllers\Front.php(14): CodeIgniter\BaseModel->paginate(2)
#4 C:\xampp\htdocs\spmi-unifa\vendor\codeigniter4\framework\system\CodeIgniter.php(832): App\Controllers\Front->index()
#5 C:\xampp\htdocs\spmi-unifa\vendor\codeigniter4\framework\system\CodeIgniter.php(419): CodeIgniter\CodeIgniter->runController(Object(App\Controllers\Front))
#6 C:\xampp\htdocs\spmi-unifa\vendor\codeigniter4\framework\system\CodeIgniter.php(326): CodeIgniter\CodeIgniter->handleRequest(NULL, Object(Config\Cache), false)
#7 C:\xampp\htdocs\spmi-unifa\public\index.php(45): CodeIgniter\CodeIgniter->run()
#8 C:\xampp\htdocs\spmi-unifa\vendor\codeigniter4\framework\system\Commands\Server\rewrite.php(43): require_once('C:\\xampp\\htdocs...')
#9 {main}
CRITICAL - 2022-05-26 04:57:09 --> Call to undefined method App\Models\PostinganModel::pager
#0 C:\xampp\htdocs\spmi-unifa\app\Controllers\Front.php(15): CodeIgniter\Model->__call('pager', Array)
#1 C:\xampp\htdocs\spmi-unifa\vendor\codeigniter4\framework\system\CodeIgniter.php(832): App\Controllers\Front->index()
#2 C:\xampp\htdocs\spmi-unifa\vendor\codeigniter4\framework\system\CodeIgniter.php(419): CodeIgniter\CodeIgniter->runController(Object(App\Controllers\Front))
#3 C:\xampp\htdocs\spmi-unifa\vendor\codeigniter4\framework\system\CodeIgniter.php(326): CodeIgniter\CodeIgniter->handleRequest(NULL, Object(Config\Cache), false)
#4 C:\xampp\htdocs\spmi-unifa\public\index.php(45): CodeIgniter\CodeIgniter->run()
#5 C:\xampp\htdocs\spmi-unifa\vendor\codeigniter4\framework\system\Commands\Server\rewrite.php(43): require_once('C:\\xampp\\htdocs...')
#6 {main}
CRITICAL - 2022-05-26 04:57:19 --> Call to undefined method App\Models\PostinganModel::pager
#0 C:\xampp\htdocs\spmi-unifa\app\Controllers\Front.php(15): CodeIgniter\Model->__call('pager', Array)
#1 C:\xampp\htdocs\spmi-unifa\vendor\codeigniter4\framework\system\CodeIgniter.php(832): App\Controllers\Front->index()
#2 C:\xampp\htdocs\spmi-unifa\vendor\codeigniter4\framework\system\CodeIgniter.php(419): CodeIgniter\CodeIgniter->runController(Object(App\Controllers\Front))
#3 C:\xampp\htdocs\spmi-unifa\vendor\codeigniter4\framework\system\CodeIgniter.php(326): CodeIgniter\CodeIgniter->handleRequest(NULL, Object(Config\Cache), false)
#4 C:\xampp\htdocs\spmi-unifa\public\index.php(45): CodeIgniter\CodeIgniter->run()
#5 C:\xampp\htdocs\spmi-unifa\vendor\codeigniter4\framework\system\Commands\Server\rewrite.php(43): require_once('C:\\xampp\\htdocs...')
#6 {main}
CRITICAL - 2022-05-26 04:58:17 --> Trying to get property 'judul' of non-object
#0 C:\xampp\htdocs\spmi-unifa\app\Views\Front\main-layout.php(91): CodeIgniter\Debug\Exceptions->errorHandler(8, 'Trying to get p...', 'C:\\xampp\\htdocs...', 91, Array)
#1 C:\xampp\htdocs\spmi-unifa\vendor\codeigniter4\framework\system\View\View.php(210): include('C:\\xampp\\htdocs...')
#2 C:\xampp\htdocs\spmi-unifa\vendor\codeigniter4\framework\system\View\View.php(213): CodeIgniter\View\View->CodeIgniter\View\{closure}()
#3 C:\xampp\htdocs\spmi-unifa\vendor\codeigniter4\framework\system\Common.php(1089): CodeIgniter\View\View->render('Front/main-layo...', Array, true)
#4 C:\xampp\htdocs\spmi-unifa\app\Controllers\Front.php(23): view('Front/main-layo...', Array)
#5 C:\xampp\htdocs\spmi-unifa\vendor\codeigniter4\framework\system\CodeIgniter.php(832): App\Controllers\Front->index()
#6 C:\xampp\htdocs\spmi-unifa\vendor\codeigniter4\framework\system\CodeIgniter.php(419): CodeIgniter\CodeIgniter->runController(Object(App\Controllers\Front))
#7 C:\xampp\htdocs\spmi-unifa\vendor\codeigniter4\framework\system\CodeIgniter.php(326): CodeIgniter\CodeIgniter->handleRequest(NULL, Object(Config\Cache), false)
#8 C:\xampp\htdocs\spmi-unifa\public\index.php(45): CodeIgniter\CodeIgniter->run()
#9 C:\xampp\htdocs\spmi-unifa\vendor\codeigniter4\framework\system\Commands\Server\rewrite.php(43): require_once('C:\\xampp\\htdocs...')
#10 {main}
CRITICAL - 2022-05-26 05:05:58 --> Invalid argument supplied for foreach()
#0 C:\xampp\htdocs\spmi-unifa\app\Views\Front\main-layout.php(137): CodeIgniter\Debug\Exceptions->errorHandler(2, 'Invalid argumen...', 'C:\\xampp\\htdocs...', 137, Array)
#1 C:\xampp\htdocs\spmi-unifa\vendor\codeigniter4\framework\system\View\View.php(210): include('C:\\xampp\\htdocs...')
#2 C:\xampp\htdocs\spmi-unifa\vendor\codeigniter4\framework\system\View\View.php(213): CodeIgniter\View\View->CodeIgniter\View\{closure}()
#3 C:\xampp\htdocs\spmi-unifa\vendor\codeigniter4\framework\system\Common.php(1089): CodeIgniter\View\View->render('Front/main-layo...', Array, true)
#4 C:\xampp\htdocs\spmi-unifa\app\Controllers\Front.php(23): view('Front/main-layo...', Array)
#5 C:\xampp\htdocs\spmi-unifa\vendor\codeigniter4\framework\system\CodeIgniter.php(832): App\Controllers\Front->index()
#6 C:\xampp\htdocs\spmi-unifa\vendor\codeigniter4\framework\system\CodeIgniter.php(419): CodeIgniter\CodeIgniter->runController(Object(App\Controllers\Front))
#7 C:\xampp\htdocs\spmi-unifa\vendor\codeigniter4\framework\system\CodeIgniter.php(326): CodeIgniter\CodeIgniter->handleRequest(NULL, Object(Config\Cache), false)
#8 C:\xampp\htdocs\spmi-unifa\public\index.php(45): CodeIgniter\CodeIgniter->run()
#9 C:\xampp\htdocs\spmi-unifa\vendor\codeigniter4\framework\system\Commands\Server\rewrite.php(43): require_once('C:\\xampp\\htdocs...')
#10 {main}
CRITICAL - 2022-05-26 05:07:19 --> Call to undefined method CodeIgniter\Pager\Pager::hasPrevious()
#0 C:\xampp\htdocs\spmi-unifa\vendor\codeigniter4\framework\system\View\View.php(210): include()
#1 C:\xampp\htdocs\spmi-unifa\vendor\codeigniter4\framework\system\View\View.php(213): CodeIgniter\View\View->CodeIgniter\View\{closure}()
#2 C:\xampp\htdocs\spmi-unifa\vendor\codeigniter4\framework\system\Common.php(1089): CodeIgniter\View\View->render('Front/main-layo...', Array, true)
#3 C:\xampp\htdocs\spmi-unifa\app\Controllers\Front.php(23): view('Front/main-layo...', Array)
#4 C:\xampp\htdocs\spmi-unifa\vendor\codeigniter4\framework\system\CodeIgniter.php(832): App\Controllers\Front->index()
#5 C:\xampp\htdocs\spmi-unifa\vendor\codeigniter4\framework\system\CodeIgniter.php(419): CodeIgniter\CodeIgniter->runController(Object(App\Controllers\Front))
#6 C:\xampp\htdocs\spmi-unifa\vendor\codeigniter4\framework\system\CodeIgniter.php(326): CodeIgniter\CodeIgniter->handleRequest(NULL, Object(Config\Cache), false)
#7 C:\xampp\htdocs\spmi-unifa\public\index.php(45): CodeIgniter\CodeIgniter->run()
#8 C:\xampp\htdocs\spmi-unifa\vendor\codeigniter4\framework\system\Commands\Server\rewrite.php(43): require_once('C:\\xampp\\htdocs...')
#9 {main}
CRITICAL - 2022-05-26 05:12:56 --> front_full is not a valid Pager template.
#0 C:\xampp\htdocs\spmi-unifa\vendor\codeigniter4\framework\system\Pager\Pager.php(120): CodeIgniter\Pager\Exceptions\PagerException::forInvalidTemplate('front_full')
#1 C:\xampp\htdocs\spmi-unifa\vendor\codeigniter4\framework\system\Pager\Pager.php(83): CodeIgniter\Pager\Pager->displayLinks('group1', 'front_full')
#2 C:\xampp\htdocs\spmi-unifa\app\Views\Front\main-layout.php(135): CodeIgniter\Pager\Pager->links('group1', 'front_full')
#3 C:\xampp\htdocs\spmi-unifa\vendor\codeigniter4\framework\system\View\View.php(210): include('C:\\xampp\\htdocs...')
#4 C:\xampp\htdocs\spmi-unifa\vendor\codeigniter4\framework\system\View\View.php(213): CodeIgniter\View\View->CodeIgniter\View\{closure}()
#5 C:\xampp\htdocs\spmi-unifa\vendor\codeigniter4\framework\system\Common.php(1089): CodeIgniter\View\View->render('Front/main-layo...', Array, true)
#6 C:\xampp\htdocs\spmi-unifa\app\Controllers\Front.php(23): view('Front/main-layo...', Array)
#7 C:\xampp\htdocs\spmi-unifa\vendor\codeigniter4\framework\system\CodeIgniter.php(832): App\Controllers\Front->index()
#8 C:\xampp\htdocs\spmi-unifa\vendor\codeigniter4\framework\system\CodeIgniter.php(419): CodeIgniter\CodeIgniter->runController(Object(App\Controllers\Front))
#9 C:\xampp\htdocs\spmi-unifa\vendor\codeigniter4\framework\system\CodeIgniter.php(326): CodeIgniter\CodeIgniter->handleRequest(NULL, Object(Config\Cache), false)
#10 C:\xampp\htdocs\spmi-unifa\public\index.php(45): CodeIgniter\CodeIgniter->run()
#11 C:\xampp\htdocs\spmi-unifa\vendor\codeigniter4\framework\system\Commands\Server\rewrite.php(43): require_once('C:\\xampp\\htdocs...')
#12 {main}
CRITICAL - 2022-05-26 05:15:08 --> Undefined variable: page
#0 C:\xampp\htdocs\spmi-unifa\app\Views\Front\main-layout.php(137): CodeIgniter\Debug\Exceptions->errorHandler(8, 'Undefined varia...', 'C:\\xampp\\htdocs...', 137, Array)
#1 C:\xampp\htdocs\spmi-unifa\vendor\codeigniter4\framework\system\View\View.php(210): include('C:\\xampp\\htdocs...')
#2 C:\xampp\htdocs\spmi-unifa\vendor\codeigniter4\framework\system\View\View.php(213): CodeIgniter\View\View->CodeIgniter\View\{closure}()
#3 C:\xampp\htdocs\spmi-unifa\vendor\codeigniter4\framework\system\Common.php(1089): CodeIgniter\View\View->render('Front/main-layo...', Array, true)
#4 C:\xampp\htdocs\spmi-unifa\app\Controllers\Front.php(23): view('Front/main-layo...', Array)
#5 C:\xampp\htdocs\spmi-unifa\vendor\codeigniter4\framework\system\CodeIgniter.php(832): App\Controllers\Front->index()
#6 C:\xampp\htdocs\spmi-unifa\vendor\codeigniter4\framework\system\CodeIgniter.php(419): CodeIgniter\CodeIgniter->runController(Object(App\Controllers\Front))
#7 C:\xampp\htdocs\spmi-unifa\vendor\codeigniter4\framework\system\CodeIgniter.php(326): CodeIgniter\CodeIgniter->handleRequest(NULL, Object(Config\Cache), false)
#8 C:\xampp\htdocs\spmi-unifa\public\index.php(45): CodeIgniter\CodeIgniter->run()
#9 C:\xampp\htdocs\spmi-unifa\vendor\codeigniter4\framework\system\Commands\Server\rewrite.php(43): require_once('C:\\xampp\\htdocs...')
#10 {main}
CRITICAL - 2022-05-26 05:18:45 --> Undefined property: CodeIgniter\Pager\Pager::$links
#0 C:\xampp\htdocs\spmi-unifa\app\Views\Front\main-layout.php(139): CodeIgniter\Debug\Exceptions->errorHandler(8, 'Undefined prope...', 'C:\\xampp\\htdocs...', 139, Array)
#1 C:\xampp\htdocs\spmi-unifa\vendor\codeigniter4\framework\system\View\View.php(210): include('C:\\xampp\\htdocs...')
#2 C:\xampp\htdocs\spmi-unifa\vendor\codeigniter4\framework\system\View\View.php(213): CodeIgniter\View\View->CodeIgniter\View\{closure}()
#3 C:\xampp\htdocs\spmi-unifa\vendor\codeigniter4\framework\system\Common.php(1089): CodeIgniter\View\View->render('Front/main-layo...', Array, true)
#4 C:\xampp\htdocs\spmi-unifa\app\Controllers\Front.php(23): view('Front/main-layo...', Array)
#5 C:\xampp\htdocs\spmi-unifa\vendor\codeigniter4\framework\system\CodeIgniter.php(832): App\Controllers\Front->index()
#6 C:\xampp\htdocs\spmi-unifa\vendor\codeigniter4\framework\system\CodeIgniter.php(419): CodeIgniter\CodeIgniter->runController(Object(App\Controllers\Front))
#7 C:\xampp\htdocs\spmi-unifa\vendor\codeigniter4\framework\system\CodeIgniter.php(326): CodeIgniter\CodeIgniter->handleRequest(NULL, Object(Config\Cache), false)
#8 C:\xampp\htdocs\spmi-unifa\public\index.php(45): CodeIgniter\CodeIgniter->run()
#9 C:\xampp\htdocs\spmi-unifa\vendor\codeigniter4\framework\system\Commands\Server\rewrite.php(43): require_once('C:\\xampp\\htdocs...')
#10 {main}
CRITICAL - 2022-05-26 05:22:00 --> Call to undefined method CodeIgniter\Pager\Pager::create_link()
#0 C:\xampp\htdocs\spmi-unifa\vendor\codeigniter4\framework\system\View\View.php(210): include()
#1 C:\xampp\htdocs\spmi-unifa\vendor\codeigniter4\framework\system\View\View.php(213): CodeIgniter\View\View->CodeIgniter\View\{closure}()
#2 C:\xampp\htdocs\spmi-unifa\vendor\codeigniter4\framework\system\Common.php(1089): CodeIgniter\View\View->render('Front/main-layo...', Array, true)
#3 C:\xampp\htdocs\spmi-unifa\app\Controllers\Front.php(23): view('Front/main-layo...', Array)
#4 C:\xampp\htdocs\spmi-unifa\vendor\codeigniter4\framework\system\CodeIgniter.php(832): App\Controllers\Front->index()
#5 C:\xampp\htdocs\spmi-unifa\vendor\codeigniter4\framework\system\CodeIgniter.php(419): CodeIgniter\CodeIgniter->runController(Object(App\Controllers\Front))
#6 C:\xampp\htdocs\spmi-unifa\vendor\codeigniter4\framework\system\CodeIgniter.php(326): CodeIgniter\CodeIgniter->handleRequest(NULL, Object(Config\Cache), false)
#7 C:\xampp\htdocs\spmi-unifa\public\index.php(45): CodeIgniter\CodeIgniter->run()
#8 C:\xampp\htdocs\spmi-unifa\vendor\codeigniter4\framework\system\Commands\Server\rewrite.php(43): require_once('C:\\xampp\\htdocs...')
#9 {main}
CRITICAL - 2022-05-26 05:22:17 --> Call to undefined method CodeIgniter\Pager\Pager::link()
#0 C:\xampp\htdocs\spmi-unifa\vendor\codeigniter4\framework\system\View\View.php(210): include()
#1 C:\xampp\htdocs\spmi-unifa\vendor\codeigniter4\framework\system\View\View.php(213): CodeIgniter\View\View->CodeIgniter\View\{closure}()
#2 C:\xampp\htdocs\spmi-unifa\vendor\codeigniter4\framework\system\Common.php(1089): CodeIgniter\View\View->render('Front/main-layo...', Array, true)
#3 C:\xampp\htdocs\spmi-unifa\app\Controllers\Front.php(23): view('Front/main-layo...', Array)
#4 C:\xampp\htdocs\spmi-unifa\vendor\codeigniter4\framework\system\CodeIgniter.php(832): App\Controllers\Front->index()
#5 C:\xampp\htdocs\spmi-unifa\vendor\codeigniter4\framework\system\CodeIgniter.php(419): CodeIgniter\CodeIgniter->runController(Object(App\Controllers\Front))
#6 C:\xampp\htdocs\spmi-unifa\vendor\codeigniter4\framework\system\CodeIgniter.php(326): CodeIgniter\CodeIgniter->handleRequest(NULL, Object(Config\Cache), false)
#7 C:\xampp\htdocs\spmi-unifa\public\index.php(45): CodeIgniter\CodeIgniter->run()
#8 C:\xampp\htdocs\spmi-unifa\vendor\codeigniter4\framework\system\Commands\Server\rewrite.php(43): require_once('C:\\xampp\\htdocs...')
#9 {main}
CRITICAL - 2022-05-26 05:24:29 --> Call to undefined method CodeIgniter\Pager\Pager::hasPreviousPage()
#0 C:\xampp\htdocs\spmi-unifa\vendor\codeigniter4\framework\system\View\View.php(210): include()
#1 C:\xampp\htdocs\spmi-unifa\vendor\codeigniter4\framework\system\View\View.php(213): CodeIgniter\View\View->CodeIgniter\View\{closure}()
#2 C:\xampp\htdocs\spmi-unifa\vendor\codeigniter4\framework\system\Common.php(1089): CodeIgniter\View\View->render('Front/main-layo...', Array, true)
#3 C:\xampp\htdocs\spmi-unifa\app\Controllers\Front.php(24): view('Front/main-layo...', Array)
#4 C:\xampp\htdocs\spmi-unifa\vendor\codeigniter4\framework\system\CodeIgniter.php(832): App\Controllers\Front->index()
#5 C:\xampp\htdocs\spmi-unifa\vendor\codeigniter4\framework\system\CodeIgniter.php(419): CodeIgniter\CodeIgniter->runController(Object(App\Controllers\Front))
#6 C:\xampp\htdocs\spmi-unifa\vendor\codeigniter4\framework\system\CodeIgniter.php(326): CodeIgniter\CodeIgniter->handleRequest(NULL, Object(Config\Cache), false)
#7 C:\xampp\htdocs\spmi-unifa\public\index.php(45): CodeIgniter\CodeIgniter->run()
#8 C:\xampp\htdocs\spmi-unifa\vendor\codeigniter4\framework\system\Commands\Server\rewrite.php(43): require_once('C:\\xampp\\htdocs...')
#9 {main}
CRITICAL - 2022-05-26 05:39:03 --> Undefined variable: pager
#0 C:\xampp\htdocs\spmi-unifa\app\Controllers\Front.php(39): CodeIgniter\Debug\Exceptions->errorHandler(8, 'Undefined varia...', 'C:\\xampp\\htdocs...', 39, Array)
#1 C:\xampp\htdocs\spmi-unifa\vendor\codeigniter4\framework\system\CodeIgniter.php(832): App\Controllers\Front->index()
#2 C:\xampp\htdocs\spmi-unifa\vendor\codeigniter4\framework\system\CodeIgniter.php(419): CodeIgniter\CodeIgniter->runController(Object(App\Controllers\Front))
#3 C:\xampp\htdocs\spmi-unifa\vendor\codeigniter4\framework\system\CodeIgniter.php(326): CodeIgniter\CodeIgniter->handleRequest(NULL, Object(Config\Cache), false)
#4 C:\xampp\htdocs\spmi-unifa\public\index.php(45): CodeIgniter\CodeIgniter->run()
#5 C:\xampp\htdocs\spmi-unifa\vendor\codeigniter4\framework\system\Commands\Server\rewrite.php(43): require_once('C:\\xampp\\htdocs...')
#6 {main}
CRITICAL - 2022-05-26 06:14:02 --> Invalid file: partials/z-page-title.php
#0 C:\xampp\htdocs\spmi-unifa\vendor\codeigniter4\framework\system\View\View.php(198): CodeIgniter\Exceptions\FrameworkException::forInvalidFile('partials/z-page...')
#1 C:\xampp\htdocs\spmi-unifa\vendor\codeigniter4\framework\system\Common.php(1089): CodeIgniter\View\View->render('partials/z-page...', Array, true)
#2 C:\xampp\htdocs\spmi-unifa\app\Controllers\Front.php(48): view('partials/z-page...', Array)
#3 C:\xampp\htdocs\spmi-unifa\vendor\codeigniter4\framework\system\CodeIgniter.php(832): App\Controllers\Front->blogdetail()
#4 C:\xampp\htdocs\spmi-unifa\vendor\codeigniter4\framework\system\CodeIgniter.php(419): CodeIgniter\CodeIgniter->runController(Object(App\Controllers\Front))
#5 C:\xampp\htdocs\spmi-unifa\vendor\codeigniter4\framework\system\CodeIgniter.php(326): CodeIgniter\CodeIgniter->handleRequest(NULL, Object(Config\Cache), false)
#6 C:\xampp\htdocs\spmi-unifa\public\index.php(45): CodeIgniter\CodeIgniter->run()
#7 C:\xampp\htdocs\spmi-unifa\vendor\codeigniter4\framework\system\Commands\Server\rewrite.php(43): require_once('C:\\xampp\\htdocs...')
#8 {main}
CRITICAL - 2022-05-26 06:21:56 --> Call to undefined method CodeIgniter\Database\MySQLi\Result::getResul()
#0 C:\xampp\htdocs\spmi-unifa\vendor\codeigniter4\framework\system\CodeIgniter.php(832): App\Controllers\Front->blogdetail()
#1 C:\xampp\htdocs\spmi-unifa\vendor\codeigniter4\framework\system\CodeIgniter.php(419): CodeIgniter\CodeIgniter->runController(Object(App\Controllers\Front))
#2 C:\xampp\htdocs\spmi-unifa\vendor\codeigniter4\framework\system\CodeIgniter.php(326): CodeIgniter\CodeIgniter->handleRequest(NULL, Object(Config\Cache), false)
#3 C:\xampp\htdocs\spmi-unifa\public\index.php(45): CodeIgniter\CodeIgniter->run()
#4 C:\xampp\htdocs\spmi-unifa\vendor\codeigniter4\framework\system\Commands\Server\rewrite.php(43): require_once('C:\\xampp\\htdocs...')
#5 {main}
CRITICAL - 2022-05-26 06:26:42 --> Cannot use object of type stdClass as array
#0 C:\xampp\htdocs\spmi-unifa\vendor\codeigniter4\framework\system\View\View.php(210): include()
#1 C:\xampp\htdocs\spmi-unifa\vendor\codeigniter4\framework\system\View\View.php(213): CodeIgniter\View\View->CodeIgniter\View\{closure}()
#2 C:\xampp\htdocs\spmi-unifa\vendor\codeigniter4\framework\system\Common.php(1089): CodeIgniter\View\View->render('Front/detail-bl...', Array, true)
#3 C:\xampp\htdocs\spmi-unifa\app\Controllers\Front.php(72): view('Front/detail-bl...', Array)
#4 C:\xampp\htdocs\spmi-unifa\vendor\codeigniter4\framework\system\CodeIgniter.php(832): App\Controllers\Front->blogdetail()
#5 C:\xampp\htdocs\spmi-unifa\vendor\codeigniter4\framework\system\CodeIgniter.php(419): CodeIgniter\CodeIgniter->runController(Object(App\Controllers\Front))
#6 C:\xampp\htdocs\spmi-unifa\vendor\codeigniter4\framework\system\CodeIgniter.php(326): CodeIgniter\CodeIgniter->handleRequest(NULL, Object(Config\Cache), false)
#7 C:\xampp\htdocs\spmi-unifa\public\index.php(45): CodeIgniter\CodeIgniter->run()
#8 C:\xampp\htdocs\spmi-unifa\vendor\codeigniter4\framework\system\Commands\Server\rewrite.php(43): require_once('C:\\xampp\\htdocs...')
#9 {main}
CRITICAL - 2022-05-26 07:05:41 --> Undefined index: categori
#0 C:\xampp\htdocs\spmi-unifa\app\Views\Front\main-layout.php(280): CodeIgniter\Debug\Exceptions->errorHandler(8, 'Undefined index...', 'C:\\xampp\\htdocs...', 280, Array)
#1 C:\xampp\htdocs\spmi-unifa\vendor\codeigniter4\framework\system\View\View.php(210): include('C:\\xampp\\htdocs...')
#2 C:\xampp\htdocs\spmi-unifa\vendor\codeigniter4\framework\system\View\View.php(213): CodeIgniter\View\View->CodeIgniter\View\{closure}()
#3 C:\xampp\htdocs\spmi-unifa\vendor\codeigniter4\framework\system\Common.php(1089): CodeIgniter\View\View->render('Front/main-layo...', Array, true)
#4 C:\xampp\htdocs\spmi-unifa\app\Controllers\Front.php(51): view('Front/main-layo...', Array)
#5 C:\xampp\htdocs\spmi-unifa\vendor\codeigniter4\framework\system\CodeIgniter.php(832): App\Controllers\Front->index()
#6 C:\xampp\htdocs\spmi-unifa\vendor\codeigniter4\framework\system\CodeIgniter.php(419): CodeIgniter\CodeIgniter->runController(Object(App\Controllers\Front))
#7 C:\xampp\htdocs\spmi-unifa\vendor\codeigniter4\framework\system\CodeIgniter.php(326): CodeIgniter\CodeIgniter->handleRequest(NULL, Object(Config\Cache), false)
#8 C:\xampp\htdocs\spmi-unifa\public\index.php(45): CodeIgniter\CodeIgniter->run()
#9 C:\xampp\htdocs\spmi-unifa\vendor\codeigniter4\framework\system\Commands\Server\rewrite.php(43): require_once('C:\\xampp\\htdocs...')
#10 {main}
CRITICAL - 2022-05-26 07:12:23 --> Cannot use object of type stdClass as array
#0 C:\xampp\htdocs\spmi-unifa\vendor\codeigniter4\framework\system\View\View.php(210): include()
#1 C:\xampp\htdocs\spmi-unifa\vendor\codeigniter4\framework\system\View\View.php(213): CodeIgniter\View\View->CodeIgniter\View\{closure}()
#2 C:\xampp\htdocs\spmi-unifa\vendor\codeigniter4\framework\system\Common.php(1089): CodeIgniter\View\View->render('Front/main-layo...', Array, true)
#3 C:\xampp\htdocs\spmi-unifa\app\Controllers\Front.php(53): view('Front/main-layo...', Array)
#4 C:\xampp\htdocs\spmi-unifa\vendor\codeigniter4\framework\system\CodeIgniter.php(832): App\Controllers\Front->index()
#5 C:\xampp\htdocs\spmi-unifa\vendor\codeigniter4\framework\system\CodeIgniter.php(419): CodeIgniter\CodeIgniter->runController(Object(App\Controllers\Front))
#6 C:\xampp\htdocs\spmi-unifa\vendor\codeigniter4\framework\system\CodeIgniter.php(326): CodeIgniter\CodeIgniter->handleRequest(NULL, Object(Config\Cache), false)
#7 C:\xampp\htdocs\spmi-unifa\public\index.php(45): CodeIgniter\CodeIgniter->run()
#8 C:\xampp\htdocs\spmi-unifa\vendor\codeigniter4\framework\system\Commands\Server\rewrite.php(43): require_once('C:\\xampp\\htdocs...')
#9 {main}
CRITICAL - 2022-05-26 07:12:41 --> Cannot use object of type stdClass as array
#0 C:\xampp\htdocs\spmi-unifa\vendor\codeigniter4\framework\system\View\View.php(210): include()
#1 C:\xampp\htdocs\spmi-unifa\vendor\codeigniter4\framework\system\View\View.php(213): CodeIgniter\View\View->CodeIgniter\View\{closure}()
#2 C:\xampp\htdocs\spmi-unifa\vendor\codeigniter4\framework\system\Common.php(1089): CodeIgniter\View\View->render('Front/main-layo...', Array, true)
#3 C:\xampp\htdocs\spmi-unifa\app\Controllers\Front.php(53): view('Front/main-layo...', Array)
#4 C:\xampp\htdocs\spmi-unifa\vendor\codeigniter4\framework\system\CodeIgniter.php(832): App\Controllers\Front->index()
#5 C:\xampp\htdocs\spmi-unifa\vendor\codeigniter4\framework\system\CodeIgniter.php(419): CodeIgniter\CodeIgniter->runController(Object(App\Controllers\Front))
#6 C:\xampp\htdocs\spmi-unifa\vendor\codeigniter4\framework\system\CodeIgniter.php(326): CodeIgniter\CodeIgniter->handleRequest(NULL, Object(Config\Cache), false)
#7 C:\xampp\htdocs\spmi-unifa\public\index.php(45): CodeIgniter\CodeIgniter->run()
#8 C:\xampp\htdocs\spmi-unifa\vendor\codeigniter4\framework\system\Commands\Server\rewrite.php(43): require_once('C:\\xampp\\htdocs...')
#9 {main}
