CRITICAL - 2025-03-18 08:01:05 --> Unable to connect to the database.
Main connection [MySQLi]: Access denied for user '****'@'localhost' (using password: YES)
#0 /Users/macbookprom2/Desktop/PROJECT/lp2mi.unifa.ac.id/vendor/codeigniter4/framework/system/Database/BaseConnection.php(577): CodeIgniter\Database\BaseConnection->initialize()
#1 /Users/macbookprom2/Desktop/PROJECT/lp2mi.unifa.ac.id/vendor/codeigniter4/framework/system/Database/BaseBuilder.php(1539): CodeIgniter\Database\BaseConnection->query('SELECT COUNT(*)...', Array, false)
#2 /Users/macbookprom2/Desktop/PROJECT/lp2mi.unifa.ac.id/vendor/codeigniter4/framework/system/Model.php(509): CodeIgniter\Database\BaseBuilder->countAllResults(false)
#3 /Users/macbookprom2/Desktop/PROJECT/lp2mi.unifa.ac.id/vendor/codeigniter4/framework/system/BaseModel.php(1084): CodeIgniter\Model->countAllResults(false)
#4 /Users/macbookprom2/Desktop/PROJECT/lp2mi.unifa.ac.id/app/Controllers/Front.php(27): CodeIgniter\BaseModel->paginate(2)
#5 /Users/macbookprom2/Desktop/PROJECT/lp2mi.unifa.ac.id/vendor/codeigniter4/framework/system/CodeIgniter.php(832): App\Controllers\Front->index()
#6 /Users/macbookprom2/Desktop/PROJECT/lp2mi.unifa.ac.id/vendor/codeigniter4/framework/system/CodeIgniter.php(419): CodeIgniter\CodeIgniter->runController(Object(App\Controllers\Front))
#7 /Users/macbookprom2/Desktop/PROJECT/lp2mi.unifa.ac.id/vendor/codeigniter4/framework/system/CodeIgniter.php(326): CodeIgniter\CodeIgniter->handleRequest(NULL, Object(Config\Cache), false)
#8 /Users/macbookprom2/Desktop/PROJECT/lp2mi.unifa.ac.id/public/index.php(45): CodeIgniter\CodeIgniter->run()
#9 /Users/macbookprom2/Desktop/PROJECT/lp2mi.unifa.ac.id/vendor/codeigniter4/framework/system/Commands/Server/rewrite.php(43): require_once('/Users/macbookp...')
#10 {main}
CRITICAL - 2025-03-18 08:01:45 --> Unable to connect to the database.
Main connection [MySQLi]: Access denied for user '****'@'localhost' (using password: YES)
#0 /Users/macbookprom2/Desktop/PROJECT/lp2mi.unifa.ac.id/vendor/codeigniter4/framework/system/Database/BaseConnection.php(577): CodeIgniter\Database\BaseConnection->initialize()
#1 /Users/macbookprom2/Desktop/PROJECT/lp2mi.unifa.ac.id/vendor/codeigniter4/framework/system/Database/BaseBuilder.php(1539): CodeIgniter\Database\BaseConnection->query('SELECT COUNT(*)...', Array, false)
#2 /Users/macbookprom2/Desktop/PROJECT/lp2mi.unifa.ac.id/vendor/codeigniter4/framework/system/Model.php(509): CodeIgniter\Database\BaseBuilder->countAllResults(false)
#3 /Users/macbookprom2/Desktop/PROJECT/lp2mi.unifa.ac.id/vendor/codeigniter4/framework/system/BaseModel.php(1084): CodeIgniter\Model->countAllResults(false)
#4 /Users/macbookprom2/Desktop/PROJECT/lp2mi.unifa.ac.id/app/Controllers/Front.php(27): CodeIgniter\BaseModel->paginate(2)
#5 /Users/macbookprom2/Desktop/PROJECT/lp2mi.unifa.ac.id/vendor/codeigniter4/framework/system/CodeIgniter.php(832): App\Controllers\Front->index()
#6 /Users/macbookprom2/Desktop/PROJECT/lp2mi.unifa.ac.id/vendor/codeigniter4/framework/system/CodeIgniter.php(419): CodeIgniter\CodeIgniter->runController(Object(App\Controllers\Front))
#7 /Users/macbookprom2/Desktop/PROJECT/lp2mi.unifa.ac.id/vendor/codeigniter4/framework/system/CodeIgniter.php(326): CodeIgniter\CodeIgniter->handleRequest(NULL, Object(Config\Cache), false)
#8 /Users/macbookprom2/Desktop/PROJECT/lp2mi.unifa.ac.id/public/index.php(45): CodeIgniter\CodeIgniter->run()
#9 /Users/macbookprom2/Desktop/PROJECT/lp2mi.unifa.ac.id/vendor/codeigniter4/framework/system/Commands/Server/rewrite.php(43): require_once('/Users/macbookp...')
#10 {main}
