CRITICAL - 2024-10-31 00:03:29 --> Unable to connect to the database.
Main connection [MySQLi]: No such file or directory
#0 /www/wwwroot/lp2mi.unifa.ac.id/vendor/codeigniter4/framework/system/Database/BaseConnection.php(577): CodeIgniter\Database\BaseConnection->initialize()
#1 /www/wwwroot/lp2mi.unifa.ac.id/vendor/codeigniter4/framework/system/Database/BaseBuilder.php(1539): CodeIgniter\Database\BaseConnection->query()
#2 /www/wwwroot/lp2mi.unifa.ac.id/vendor/codeigniter4/framework/system/Model.php(509): CodeIgniter\Database\BaseBuilder->countAllResults()
#3 /www/wwwroot/lp2mi.unifa.ac.id/vendor/codeigniter4/framework/system/BaseModel.php(1084): CodeIgniter\Model->countAllResults()
#4 /www/wwwroot/lp2mi.unifa.ac.id/app/Controllers/Front.php(27): CodeIgniter\BaseModel->paginate()
#5 /www/wwwroot/lp2mi.unifa.ac.id/vendor/codeigniter4/framework/system/CodeIgniter.php(832): App\Controllers\Front->index()
#6 /www/wwwroot/lp2mi.unifa.ac.id/vendor/codeigniter4/framework/system/CodeIgniter.php(419): CodeIgniter\CodeIgniter->runController()
#7 /www/wwwroot/lp2mi.unifa.ac.id/vendor/codeigniter4/framework/system/CodeIgniter.php(326): CodeIgniter\CodeIgniter->handleRequest()
#8 /www/wwwroot/lp2mi.unifa.ac.id/public/index.php(45): CodeIgniter\CodeIgniter->run()
#9 {main}
CRITICAL - 2024-10-31 00:03:30 --> Unable to connect to the database.
Main connection [MySQLi]: No such file or directory
#0 /www/wwwroot/lp2mi.unifa.ac.id/vendor/codeigniter4/framework/system/Database/BaseConnection.php(577): CodeIgniter\Database\BaseConnection->initialize()
#1 /www/wwwroot/lp2mi.unifa.ac.id/vendor/codeigniter4/framework/system/Database/BaseBuilder.php(1539): CodeIgniter\Database\BaseConnection->query()
#2 /www/wwwroot/lp2mi.unifa.ac.id/vendor/codeigniter4/framework/system/Model.php(509): CodeIgniter\Database\BaseBuilder->countAllResults()
#3 /www/wwwroot/lp2mi.unifa.ac.id/vendor/codeigniter4/framework/system/BaseModel.php(1084): CodeIgniter\Model->countAllResults()
#4 /www/wwwroot/lp2mi.unifa.ac.id/app/Controllers/Front.php(27): CodeIgniter\BaseModel->paginate()
#5 /www/wwwroot/lp2mi.unifa.ac.id/vendor/codeigniter4/framework/system/CodeIgniter.php(832): App\Controllers\Front->index()
#6 /www/wwwroot/lp2mi.unifa.ac.id/vendor/codeigniter4/framework/system/CodeIgniter.php(419): CodeIgniter\CodeIgniter->runController()
#7 /www/wwwroot/lp2mi.unifa.ac.id/vendor/codeigniter4/framework/system/CodeIgniter.php(326): CodeIgniter\CodeIgniter->handleRequest()
#8 /www/wwwroot/lp2mi.unifa.ac.id/public/index.php(45): CodeIgniter\CodeIgniter->run()
#9 {main}
CRITICAL - 2024-10-31 04:32:01 --> Unable to connect to the database.
Main connection [MySQLi]: No such file or directory
#0 /www/wwwroot/lp2mi.unifa.ac.id/vendor/codeigniter4/framework/system/Database/BaseConnection.php(577): CodeIgniter\Database\BaseConnection->initialize()
#1 /www/wwwroot/lp2mi.unifa.ac.id/vendor/codeigniter4/framework/system/Database/BaseBuilder.php(1539): CodeIgniter\Database\BaseConnection->query()
#2 /www/wwwroot/lp2mi.unifa.ac.id/vendor/codeigniter4/framework/system/Model.php(509): CodeIgniter\Database\BaseBuilder->countAllResults()
#3 /www/wwwroot/lp2mi.unifa.ac.id/vendor/codeigniter4/framework/system/BaseModel.php(1084): CodeIgniter\Model->countAllResults()
#4 /www/wwwroot/lp2mi.unifa.ac.id/app/Controllers/Front.php(27): CodeIgniter\BaseModel->paginate()
#5 /www/wwwroot/lp2mi.unifa.ac.id/vendor/codeigniter4/framework/system/CodeIgniter.php(832): App\Controllers\Front->index()
#6 /www/wwwroot/lp2mi.unifa.ac.id/vendor/codeigniter4/framework/system/CodeIgniter.php(419): CodeIgniter\CodeIgniter->runController()
#7 /www/wwwroot/lp2mi.unifa.ac.id/vendor/codeigniter4/framework/system/CodeIgniter.php(326): CodeIgniter\CodeIgniter->handleRequest()
#8 /www/wwwroot/lp2mi.unifa.ac.id/public/index.php(45): CodeIgniter\CodeIgniter->run()
#9 {main}
CRITICAL - 2024-10-31 04:32:02 --> Unable to connect to the database.
Main connection [MySQLi]: No such file or directory
#0 /www/wwwroot/lp2mi.unifa.ac.id/vendor/codeigniter4/framework/system/Database/BaseConnection.php(577): CodeIgniter\Database\BaseConnection->initialize()
#1 /www/wwwroot/lp2mi.unifa.ac.id/vendor/codeigniter4/framework/system/Database/BaseBuilder.php(1539): CodeIgniter\Database\BaseConnection->query()
#2 /www/wwwroot/lp2mi.unifa.ac.id/vendor/codeigniter4/framework/system/Model.php(509): CodeIgniter\Database\BaseBuilder->countAllResults()
#3 /www/wwwroot/lp2mi.unifa.ac.id/vendor/codeigniter4/framework/system/BaseModel.php(1084): CodeIgniter\Model->countAllResults()
#4 /www/wwwroot/lp2mi.unifa.ac.id/app/Controllers/Front.php(27): CodeIgniter\BaseModel->paginate()
#5 /www/wwwroot/lp2mi.unifa.ac.id/vendor/codeigniter4/framework/system/CodeIgniter.php(832): App\Controllers\Front->index()
#6 /www/wwwroot/lp2mi.unifa.ac.id/vendor/codeigniter4/framework/system/CodeIgniter.php(419): CodeIgniter\CodeIgniter->runController()
#7 /www/wwwroot/lp2mi.unifa.ac.id/vendor/codeigniter4/framework/system/CodeIgniter.php(326): CodeIgniter\CodeIgniter->handleRequest()
#8 /www/wwwroot/lp2mi.unifa.ac.id/public/index.php(45): CodeIgniter\CodeIgniter->run()
#9 {main}
CRITICAL - 2024-10-31 07:05:26 --> Unable to connect to the database.
Main connection [MySQLi]: No such file or directory
#0 /www/wwwroot/lp2mi.unifa.ac.id/vendor/codeigniter4/framework/system/Database/BaseConnection.php(577): CodeIgniter\Database\BaseConnection->initialize()
#1 /www/wwwroot/lp2mi.unifa.ac.id/vendor/codeigniter4/framework/system/Database/BaseBuilder.php(1539): CodeIgniter\Database\BaseConnection->query()
#2 /www/wwwroot/lp2mi.unifa.ac.id/vendor/codeigniter4/framework/system/Model.php(509): CodeIgniter\Database\BaseBuilder->countAllResults()
#3 /www/wwwroot/lp2mi.unifa.ac.id/vendor/codeigniter4/framework/system/BaseModel.php(1084): CodeIgniter\Model->countAllResults()
#4 /www/wwwroot/lp2mi.unifa.ac.id/app/Controllers/Front.php(27): CodeIgniter\BaseModel->paginate()
#5 /www/wwwroot/lp2mi.unifa.ac.id/vendor/codeigniter4/framework/system/CodeIgniter.php(832): App\Controllers\Front->index()
#6 /www/wwwroot/lp2mi.unifa.ac.id/vendor/codeigniter4/framework/system/CodeIgniter.php(419): CodeIgniter\CodeIgniter->runController()
#7 /www/wwwroot/lp2mi.unifa.ac.id/vendor/codeigniter4/framework/system/CodeIgniter.php(326): CodeIgniter\CodeIgniter->handleRequest()
#8 /www/wwwroot/lp2mi.unifa.ac.id/public/index.php(45): CodeIgniter\CodeIgniter->run()
#9 {main}
CRITICAL - 2024-10-31 07:07:55 --> Unable to connect to the database.
Main connection [MySQLi]: No such file or directory
#0 /www/wwwroot/lp2mi.unifa.ac.id/vendor/codeigniter4/framework/system/Database/BaseConnection.php(577): CodeIgniter\Database\BaseConnection->initialize()
#1 /www/wwwroot/lp2mi.unifa.ac.id/vendor/codeigniter4/framework/system/Database/BaseBuilder.php(1539): CodeIgniter\Database\BaseConnection->query()
#2 /www/wwwroot/lp2mi.unifa.ac.id/vendor/codeigniter4/framework/system/Model.php(509): CodeIgniter\Database\BaseBuilder->countAllResults()
#3 /www/wwwroot/lp2mi.unifa.ac.id/vendor/codeigniter4/framework/system/BaseModel.php(1084): CodeIgniter\Model->countAllResults()
#4 /www/wwwroot/lp2mi.unifa.ac.id/app/Controllers/Front.php(27): CodeIgniter\BaseModel->paginate()
#5 /www/wwwroot/lp2mi.unifa.ac.id/vendor/codeigniter4/framework/system/CodeIgniter.php(832): App\Controllers\Front->index()
#6 /www/wwwroot/lp2mi.unifa.ac.id/vendor/codeigniter4/framework/system/CodeIgniter.php(419): CodeIgniter\CodeIgniter->runController()
#7 /www/wwwroot/lp2mi.unifa.ac.id/vendor/codeigniter4/framework/system/CodeIgniter.php(326): CodeIgniter\CodeIgniter->handleRequest()
#8 /www/wwwroot/lp2mi.unifa.ac.id/public/index.php(45): CodeIgniter\CodeIgniter->run()
#9 {main}
CRITICAL - 2024-10-31 07:07:56 --> Unable to connect to the database.
Main connection [MySQLi]: No such file or directory
#0 /www/wwwroot/lp2mi.unifa.ac.id/vendor/codeigniter4/framework/system/Database/BaseConnection.php(577): CodeIgniter\Database\BaseConnection->initialize()
#1 /www/wwwroot/lp2mi.unifa.ac.id/vendor/codeigniter4/framework/system/Database/BaseBuilder.php(1539): CodeIgniter\Database\BaseConnection->query()
#2 /www/wwwroot/lp2mi.unifa.ac.id/vendor/codeigniter4/framework/system/Model.php(509): CodeIgniter\Database\BaseBuilder->countAllResults()
#3 /www/wwwroot/lp2mi.unifa.ac.id/vendor/codeigniter4/framework/system/BaseModel.php(1084): CodeIgniter\Model->countAllResults()
#4 /www/wwwroot/lp2mi.unifa.ac.id/app/Controllers/Front.php(27): CodeIgniter\BaseModel->paginate()
#5 /www/wwwroot/lp2mi.unifa.ac.id/vendor/codeigniter4/framework/system/CodeIgniter.php(832): App\Controllers\Front->index()
#6 /www/wwwroot/lp2mi.unifa.ac.id/vendor/codeigniter4/framework/system/CodeIgniter.php(419): CodeIgniter\CodeIgniter->runController()
#7 /www/wwwroot/lp2mi.unifa.ac.id/vendor/codeigniter4/framework/system/CodeIgniter.php(326): CodeIgniter\CodeIgniter->handleRequest()
#8 /www/wwwroot/lp2mi.unifa.ac.id/public/index.php(45): CodeIgniter\CodeIgniter->run()
#9 {main}
CRITICAL - 2024-10-31 07:21:49 --> Unable to connect to the database.
Main connection [MySQLi]: No such file or directory
#0 /www/wwwroot/lp2mi.unifa.ac.id/vendor/codeigniter4/framework/system/Database/BaseConnection.php(577): CodeIgniter\Database\BaseConnection->initialize()
#1 /www/wwwroot/lp2mi.unifa.ac.id/vendor/codeigniter4/framework/system/Database/BaseBuilder.php(1539): CodeIgniter\Database\BaseConnection->query()
#2 /www/wwwroot/lp2mi.unifa.ac.id/vendor/codeigniter4/framework/system/Model.php(509): CodeIgniter\Database\BaseBuilder->countAllResults()
#3 /www/wwwroot/lp2mi.unifa.ac.id/vendor/codeigniter4/framework/system/BaseModel.php(1084): CodeIgniter\Model->countAllResults()
#4 /www/wwwroot/lp2mi.unifa.ac.id/app/Controllers/Front.php(27): CodeIgniter\BaseModel->paginate()
#5 /www/wwwroot/lp2mi.unifa.ac.id/vendor/codeigniter4/framework/system/CodeIgniter.php(832): App\Controllers\Front->index()
#6 /www/wwwroot/lp2mi.unifa.ac.id/vendor/codeigniter4/framework/system/CodeIgniter.php(419): CodeIgniter\CodeIgniter->runController()
#7 /www/wwwroot/lp2mi.unifa.ac.id/vendor/codeigniter4/framework/system/CodeIgniter.php(326): CodeIgniter\CodeIgniter->handleRequest()
#8 /www/wwwroot/lp2mi.unifa.ac.id/public/index.php(45): CodeIgniter\CodeIgniter->run()
#9 {main}
CRITICAL - 2024-10-31 07:27:26 --> Unable to connect to the database.
Main connection [MySQLi]: No such file or directory
#0 /www/wwwroot/lp2mi.unifa.ac.id/vendor/codeigniter4/framework/system/Database/BaseConnection.php(577): CodeIgniter\Database\BaseConnection->initialize()
#1 /www/wwwroot/lp2mi.unifa.ac.id/vendor/codeigniter4/framework/system/Database/BaseBuilder.php(1539): CodeIgniter\Database\BaseConnection->query()
#2 /www/wwwroot/lp2mi.unifa.ac.id/vendor/codeigniter4/framework/system/Model.php(509): CodeIgniter\Database\BaseBuilder->countAllResults()
#3 /www/wwwroot/lp2mi.unifa.ac.id/vendor/codeigniter4/framework/system/BaseModel.php(1084): CodeIgniter\Model->countAllResults()
#4 /www/wwwroot/lp2mi.unifa.ac.id/app/Controllers/Front.php(27): CodeIgniter\BaseModel->paginate()
#5 /www/wwwroot/lp2mi.unifa.ac.id/vendor/codeigniter4/framework/system/CodeIgniter.php(832): App\Controllers\Front->index()
#6 /www/wwwroot/lp2mi.unifa.ac.id/vendor/codeigniter4/framework/system/CodeIgniter.php(419): CodeIgniter\CodeIgniter->runController()
#7 /www/wwwroot/lp2mi.unifa.ac.id/vendor/codeigniter4/framework/system/CodeIgniter.php(326): CodeIgniter\CodeIgniter->handleRequest()
#8 /www/wwwroot/lp2mi.unifa.ac.id/public/index.php(45): CodeIgniter\CodeIgniter->run()
#9 {main}
CRITICAL - 2024-10-31 07:35:44 --> Unable to connect to the database.
Main connection [MySQLi]: No such file or directory
#0 /www/wwwroot/lp2mi.unifa.ac.id/vendor/codeigniter4/framework/system/Database/BaseConnection.php(577): CodeIgniter\Database\BaseConnection->initialize()
#1 /www/wwwroot/lp2mi.unifa.ac.id/vendor/codeigniter4/framework/system/Database/BaseBuilder.php(1539): CodeIgniter\Database\BaseConnection->query()
#2 /www/wwwroot/lp2mi.unifa.ac.id/vendor/codeigniter4/framework/system/Model.php(509): CodeIgniter\Database\BaseBuilder->countAllResults()
#3 /www/wwwroot/lp2mi.unifa.ac.id/vendor/codeigniter4/framework/system/BaseModel.php(1084): CodeIgniter\Model->countAllResults()
#4 /www/wwwroot/lp2mi.unifa.ac.id/app/Controllers/Front.php(27): CodeIgniter\BaseModel->paginate()
#5 /www/wwwroot/lp2mi.unifa.ac.id/vendor/codeigniter4/framework/system/CodeIgniter.php(832): App\Controllers\Front->index()
#6 /www/wwwroot/lp2mi.unifa.ac.id/vendor/codeigniter4/framework/system/CodeIgniter.php(419): CodeIgniter\CodeIgniter->runController()
#7 /www/wwwroot/lp2mi.unifa.ac.id/vendor/codeigniter4/framework/system/CodeIgniter.php(326): CodeIgniter\CodeIgniter->handleRequest()
#8 /www/wwwroot/lp2mi.unifa.ac.id/public/index.php(45): CodeIgniter\CodeIgniter->run()
#9 {main}
CRITICAL - 2024-10-31 07:47:48 --> Unable to connect to the database.
Main connection [MySQLi]: No such file or directory
#0 /www/wwwroot/lp2mi.unifa.ac.id/vendor/codeigniter4/framework/system/Database/BaseConnection.php(577): CodeIgniter\Database\BaseConnection->initialize()
#1 /www/wwwroot/lp2mi.unifa.ac.id/vendor/codeigniter4/framework/system/Database/BaseBuilder.php(1539): CodeIgniter\Database\BaseConnection->query()
#2 /www/wwwroot/lp2mi.unifa.ac.id/vendor/codeigniter4/framework/system/Model.php(509): CodeIgniter\Database\BaseBuilder->countAllResults()
#3 /www/wwwroot/lp2mi.unifa.ac.id/vendor/codeigniter4/framework/system/BaseModel.php(1084): CodeIgniter\Model->countAllResults()
#4 /www/wwwroot/lp2mi.unifa.ac.id/app/Controllers/Front.php(27): CodeIgniter\BaseModel->paginate()
#5 /www/wwwroot/lp2mi.unifa.ac.id/vendor/codeigniter4/framework/system/CodeIgniter.php(832): App\Controllers\Front->index()
#6 /www/wwwroot/lp2mi.unifa.ac.id/vendor/codeigniter4/framework/system/CodeIgniter.php(419): CodeIgniter\CodeIgniter->runController()
#7 /www/wwwroot/lp2mi.unifa.ac.id/vendor/codeigniter4/framework/system/CodeIgniter.php(326): CodeIgniter\CodeIgniter->handleRequest()
#8 /www/wwwroot/lp2mi.unifa.ac.id/public/index.php(45): CodeIgniter\CodeIgniter->run()
#9 {main}
CRITICAL - 2024-10-31 09:05:29 --> Unable to connect to the database.
Main connection [MySQLi]: No such file or directory
#0 /www/wwwroot/lp2mi.unifa.ac.id/vendor/codeigniter4/framework/system/Database/BaseConnection.php(577): CodeIgniter\Database\BaseConnection->initialize()
#1 /www/wwwroot/lp2mi.unifa.ac.id/vendor/codeigniter4/framework/system/Database/BaseBuilder.php(1539): CodeIgniter\Database\BaseConnection->query()
#2 /www/wwwroot/lp2mi.unifa.ac.id/vendor/codeigniter4/framework/system/Model.php(509): CodeIgniter\Database\BaseBuilder->countAllResults()
#3 /www/wwwroot/lp2mi.unifa.ac.id/vendor/codeigniter4/framework/system/BaseModel.php(1084): CodeIgniter\Model->countAllResults()
#4 /www/wwwroot/lp2mi.unifa.ac.id/app/Controllers/Front.php(27): CodeIgniter\BaseModel->paginate()
#5 /www/wwwroot/lp2mi.unifa.ac.id/vendor/codeigniter4/framework/system/CodeIgniter.php(832): App\Controllers\Front->index()
#6 /www/wwwroot/lp2mi.unifa.ac.id/vendor/codeigniter4/framework/system/CodeIgniter.php(419): CodeIgniter\CodeIgniter->runController()
#7 /www/wwwroot/lp2mi.unifa.ac.id/vendor/codeigniter4/framework/system/CodeIgniter.php(326): CodeIgniter\CodeIgniter->handleRequest()
#8 /www/wwwroot/lp2mi.unifa.ac.id/public/index.php(45): CodeIgniter\CodeIgniter->run()
#9 {main}
CRITICAL - 2024-10-31 09:05:29 --> Unable to connect to the database.
Main connection [MySQLi]: No such file or directory
#0 /www/wwwroot/lp2mi.unifa.ac.id/vendor/codeigniter4/framework/system/Database/BaseConnection.php(577): CodeIgniter\Database\BaseConnection->initialize()
#1 /www/wwwroot/lp2mi.unifa.ac.id/vendor/codeigniter4/framework/system/Database/BaseBuilder.php(1539): CodeIgniter\Database\BaseConnection->query()
#2 /www/wwwroot/lp2mi.unifa.ac.id/vendor/codeigniter4/framework/system/Model.php(509): CodeIgniter\Database\BaseBuilder->countAllResults()
#3 /www/wwwroot/lp2mi.unifa.ac.id/vendor/codeigniter4/framework/system/BaseModel.php(1084): CodeIgniter\Model->countAllResults()
#4 /www/wwwroot/lp2mi.unifa.ac.id/app/Controllers/Front.php(27): CodeIgniter\BaseModel->paginate()
#5 /www/wwwroot/lp2mi.unifa.ac.id/vendor/codeigniter4/framework/system/CodeIgniter.php(832): App\Controllers\Front->index()
#6 /www/wwwroot/lp2mi.unifa.ac.id/vendor/codeigniter4/framework/system/CodeIgniter.php(419): CodeIgniter\CodeIgniter->runController()
#7 /www/wwwroot/lp2mi.unifa.ac.id/vendor/codeigniter4/framework/system/CodeIgniter.php(326): CodeIgniter\CodeIgniter->handleRequest()
#8 /www/wwwroot/lp2mi.unifa.ac.id/public/index.php(45): CodeIgniter\CodeIgniter->run()
#9 {main}
CRITICAL - 2024-10-31 09:49:48 --> Unable to connect to the database.
Main connection [MySQLi]: No such file or directory
#0 /www/wwwroot/lp2mi.unifa.ac.id/vendor/codeigniter4/framework/system/Database/BaseConnection.php(577): CodeIgniter\Database\BaseConnection->initialize()
#1 /www/wwwroot/lp2mi.unifa.ac.id/vendor/codeigniter4/framework/system/Database/BaseBuilder.php(1455): CodeIgniter\Database\BaseConnection->query()
#2 /www/wwwroot/lp2mi.unifa.ac.id/vendor/codeigniter4/framework/system/Model.php(183): CodeIgniter\Database\BaseBuilder->get()
#3 /www/wwwroot/lp2mi.unifa.ac.id/vendor/codeigniter4/framework/system/BaseModel.php(584): CodeIgniter\Model->doFindAll()
#4 /www/wwwroot/lp2mi.unifa.ac.id/app/Controllers/Front.php(149): CodeIgniter\BaseModel->findAll()
#5 /www/wwwroot/lp2mi.unifa.ac.id/vendor/codeigniter4/framework/system/CodeIgniter.php(832): App\Controllers\Front->peraturan_universitas()
#6 /www/wwwroot/lp2mi.unifa.ac.id/vendor/codeigniter4/framework/system/CodeIgniter.php(419): CodeIgniter\CodeIgniter->runController()
#7 /www/wwwroot/lp2mi.unifa.ac.id/vendor/codeigniter4/framework/system/CodeIgniter.php(326): CodeIgniter\CodeIgniter->handleRequest()
#8 /www/wwwroot/lp2mi.unifa.ac.id/public/index.php(45): CodeIgniter\CodeIgniter->run()
#9 {main}
CRITICAL - 2024-10-31 10:17:25 --> Unable to connect to the database.
Main connection [MySQLi]: No such file or directory
#0 /www/wwwroot/lp2mi.unifa.ac.id/vendor/codeigniter4/framework/system/Database/BaseConnection.php(577): CodeIgniter\Database\BaseConnection->initialize()
#1 /www/wwwroot/lp2mi.unifa.ac.id/vendor/codeigniter4/framework/system/Database/BaseBuilder.php(1455): CodeIgniter\Database\BaseConnection->query()
#2 /www/wwwroot/lp2mi.unifa.ac.id/vendor/codeigniter4/framework/system/Model.php(183): CodeIgniter\Database\BaseBuilder->get()
#3 /www/wwwroot/lp2mi.unifa.ac.id/vendor/codeigniter4/framework/system/BaseModel.php(584): CodeIgniter\Model->doFindAll()
#4 /www/wwwroot/lp2mi.unifa.ac.id/app/Controllers/Front.php(149): CodeIgniter\BaseModel->findAll()
#5 /www/wwwroot/lp2mi.unifa.ac.id/vendor/codeigniter4/framework/system/CodeIgniter.php(832): App\Controllers\Front->peraturan_universitas()
#6 /www/wwwroot/lp2mi.unifa.ac.id/vendor/codeigniter4/framework/system/CodeIgniter.php(419): CodeIgniter\CodeIgniter->runController()
#7 /www/wwwroot/lp2mi.unifa.ac.id/vendor/codeigniter4/framework/system/CodeIgniter.php(326): CodeIgniter\CodeIgniter->handleRequest()
#8 /www/wwwroot/lp2mi.unifa.ac.id/public/index.php(45): CodeIgniter\CodeIgniter->run()
#9 {main}
CRITICAL - 2024-10-31 10:21:54 --> Unable to connect to the database.
Main connection [MySQLi]: No such file or directory
#0 /www/wwwroot/lp2mi.unifa.ac.id/vendor/codeigniter4/framework/system/Database/BaseConnection.php(577): CodeIgniter\Database\BaseConnection->initialize()
#1 /www/wwwroot/lp2mi.unifa.ac.id/vendor/codeigniter4/framework/system/Database/BaseBuilder.php(1455): CodeIgniter\Database\BaseConnection->query()
#2 /www/wwwroot/lp2mi.unifa.ac.id/vendor/codeigniter4/framework/system/Model.php(183): CodeIgniter\Database\BaseBuilder->get()
#3 /www/wwwroot/lp2mi.unifa.ac.id/vendor/codeigniter4/framework/system/BaseModel.php(584): CodeIgniter\Model->doFindAll()
#4 /www/wwwroot/lp2mi.unifa.ac.id/app/Controllers/Front.php(164): CodeIgniter\BaseModel->findAll()
#5 /www/wwwroot/lp2mi.unifa.ac.id/vendor/codeigniter4/framework/system/CodeIgniter.php(832): App\Controllers\Front->peraturan_rektor()
#6 /www/wwwroot/lp2mi.unifa.ac.id/vendor/codeigniter4/framework/system/CodeIgniter.php(419): CodeIgniter\CodeIgniter->runController()
#7 /www/wwwroot/lp2mi.unifa.ac.id/vendor/codeigniter4/framework/system/CodeIgniter.php(326): CodeIgniter\CodeIgniter->handleRequest()
#8 /www/wwwroot/lp2mi.unifa.ac.id/public/index.php(45): CodeIgniter\CodeIgniter->run()
#9 {main}
CRITICAL - 2024-10-31 10:27:53 --> Unable to connect to the database.
Main connection [MySQLi]: No such file or directory
#0 /www/wwwroot/lp2mi.unifa.ac.id/vendor/codeigniter4/framework/system/Database/BaseConnection.php(577): CodeIgniter\Database\BaseConnection->initialize()
#1 /www/wwwroot/lp2mi.unifa.ac.id/vendor/codeigniter4/framework/system/Database/BaseBuilder.php(1455): CodeIgniter\Database\BaseConnection->query()
#2 /www/wwwroot/lp2mi.unifa.ac.id/vendor/codeigniter4/framework/system/Model.php(728): CodeIgniter\Database\BaseBuilder->get()
#3 /www/wwwroot/lp2mi.unifa.ac.id/app/Controllers/Front.php(230): CodeIgniter\Model->__call()
#4 /www/wwwroot/lp2mi.unifa.ac.id/vendor/codeigniter4/framework/system/CodeIgniter.php(832): App\Controllers\Front->blogdetail()
#5 /www/wwwroot/lp2mi.unifa.ac.id/vendor/codeigniter4/framework/system/CodeIgniter.php(419): CodeIgniter\CodeIgniter->runController()
#6 /www/wwwroot/lp2mi.unifa.ac.id/vendor/codeigniter4/framework/system/CodeIgniter.php(326): CodeIgniter\CodeIgniter->handleRequest()
#7 /www/wwwroot/lp2mi.unifa.ac.id/public/index.php(45): CodeIgniter\CodeIgniter->run()
#8 {main}
CRITICAL - 2024-10-31 10:57:39 --> Unable to connect to the database.
Main connection [MySQLi]: No such file or directory
#0 /www/wwwroot/lp2mi.unifa.ac.id/vendor/codeigniter4/framework/system/Database/BaseConnection.php(577): CodeIgniter\Database\BaseConnection->initialize()
#1 /www/wwwroot/lp2mi.unifa.ac.id/vendor/codeigniter4/framework/system/Database/BaseBuilder.php(1455): CodeIgniter\Database\BaseConnection->query()
#2 /www/wwwroot/lp2mi.unifa.ac.id/vendor/codeigniter4/framework/system/Model.php(728): CodeIgniter\Database\BaseBuilder->get()
#3 /www/wwwroot/lp2mi.unifa.ac.id/app/Controllers/Front.php(230): CodeIgniter\Model->__call()
#4 /www/wwwroot/lp2mi.unifa.ac.id/vendor/codeigniter4/framework/system/CodeIgniter.php(832): App\Controllers\Front->blogdetail()
#5 /www/wwwroot/lp2mi.unifa.ac.id/vendor/codeigniter4/framework/system/CodeIgniter.php(419): CodeIgniter\CodeIgniter->runController()
#6 /www/wwwroot/lp2mi.unifa.ac.id/vendor/codeigniter4/framework/system/CodeIgniter.php(326): CodeIgniter\CodeIgniter->handleRequest()
#7 /www/wwwroot/lp2mi.unifa.ac.id/public/index.php(45): CodeIgniter\CodeIgniter->run()
#8 {main}
CRITICAL - 2024-10-31 10:59:38 --> Unable to connect to the database.
Main connection [MySQLi]: No such file or directory
#0 /www/wwwroot/lp2mi.unifa.ac.id/vendor/codeigniter4/framework/system/Database/BaseConnection.php(577): CodeIgniter\Database\BaseConnection->initialize()
#1 /www/wwwroot/lp2mi.unifa.ac.id/vendor/codeigniter4/framework/system/Database/BaseBuilder.php(1455): CodeIgniter\Database\BaseConnection->query()
#2 /www/wwwroot/lp2mi.unifa.ac.id/vendor/codeigniter4/framework/system/Model.php(728): CodeIgniter\Database\BaseBuilder->get()
#3 /www/wwwroot/lp2mi.unifa.ac.id/app/Controllers/Front.php(230): CodeIgniter\Model->__call()
#4 /www/wwwroot/lp2mi.unifa.ac.id/vendor/codeigniter4/framework/system/CodeIgniter.php(832): App\Controllers\Front->blogdetail()
#5 /www/wwwroot/lp2mi.unifa.ac.id/vendor/codeigniter4/framework/system/CodeIgniter.php(419): CodeIgniter\CodeIgniter->runController()
#6 /www/wwwroot/lp2mi.unifa.ac.id/vendor/codeigniter4/framework/system/CodeIgniter.php(326): CodeIgniter\CodeIgniter->handleRequest()
#7 /www/wwwroot/lp2mi.unifa.ac.id/public/index.php(45): CodeIgniter\CodeIgniter->run()
#8 {main}
CRITICAL - 2024-10-31 11:29:55 --> Unable to connect to the database.
Main connection [MySQLi]: No such file or directory
#0 /www/wwwroot/lp2mi.unifa.ac.id/vendor/codeigniter4/framework/system/Database/BaseConnection.php(577): CodeIgniter\Database\BaseConnection->initialize()
#1 /www/wwwroot/lp2mi.unifa.ac.id/vendor/codeigniter4/framework/system/Database/BaseBuilder.php(1455): CodeIgniter\Database\BaseConnection->query()
#2 /www/wwwroot/lp2mi.unifa.ac.id/vendor/codeigniter4/framework/system/Model.php(728): CodeIgniter\Database\BaseBuilder->get()
#3 /www/wwwroot/lp2mi.unifa.ac.id/app/Controllers/Front.php(230): CodeIgniter\Model->__call()
#4 /www/wwwroot/lp2mi.unifa.ac.id/vendor/codeigniter4/framework/system/CodeIgniter.php(832): App\Controllers\Front->blogdetail()
#5 /www/wwwroot/lp2mi.unifa.ac.id/vendor/codeigniter4/framework/system/CodeIgniter.php(419): CodeIgniter\CodeIgniter->runController()
#6 /www/wwwroot/lp2mi.unifa.ac.id/vendor/codeigniter4/framework/system/CodeIgniter.php(326): CodeIgniter\CodeIgniter->handleRequest()
#7 /www/wwwroot/lp2mi.unifa.ac.id/public/index.php(45): CodeIgniter\CodeIgniter->run()
#8 {main}
CRITICAL - 2024-10-31 11:31:54 --> Unable to connect to the database.
Main connection [MySQLi]: No such file or directory
#0 /www/wwwroot/lp2mi.unifa.ac.id/vendor/codeigniter4/framework/system/Database/BaseConnection.php(577): CodeIgniter\Database\BaseConnection->initialize()
#1 /www/wwwroot/lp2mi.unifa.ac.id/vendor/codeigniter4/framework/system/Database/BaseBuilder.php(1455): CodeIgniter\Database\BaseConnection->query()
#2 /www/wwwroot/lp2mi.unifa.ac.id/vendor/codeigniter4/framework/system/Model.php(728): CodeIgniter\Database\BaseBuilder->get()
#3 /www/wwwroot/lp2mi.unifa.ac.id/app/Controllers/Front.php(230): CodeIgniter\Model->__call()
#4 /www/wwwroot/lp2mi.unifa.ac.id/vendor/codeigniter4/framework/system/CodeIgniter.php(832): App\Controllers\Front->blogdetail()
#5 /www/wwwroot/lp2mi.unifa.ac.id/vendor/codeigniter4/framework/system/CodeIgniter.php(419): CodeIgniter\CodeIgniter->runController()
#6 /www/wwwroot/lp2mi.unifa.ac.id/vendor/codeigniter4/framework/system/CodeIgniter.php(326): CodeIgniter\CodeIgniter->handleRequest()
#7 /www/wwwroot/lp2mi.unifa.ac.id/public/index.php(45): CodeIgniter\CodeIgniter->run()
#8 {main}
CRITICAL - 2024-10-31 11:39:47 --> Unable to connect to the database.
Main connection [MySQLi]: No such file or directory
#0 /www/wwwroot/lp2mi.unifa.ac.id/vendor/codeigniter4/framework/system/Database/BaseConnection.php(577): CodeIgniter\Database\BaseConnection->initialize()
#1 /www/wwwroot/lp2mi.unifa.ac.id/vendor/codeigniter4/framework/system/Database/BaseBuilder.php(1455): CodeIgniter\Database\BaseConnection->query()
#2 /www/wwwroot/lp2mi.unifa.ac.id/vendor/codeigniter4/framework/system/Model.php(728): CodeIgniter\Database\BaseBuilder->get()
#3 /www/wwwroot/lp2mi.unifa.ac.id/app/Controllers/Front.php(230): CodeIgniter\Model->__call()
#4 /www/wwwroot/lp2mi.unifa.ac.id/vendor/codeigniter4/framework/system/CodeIgniter.php(832): App\Controllers\Front->blogdetail()
#5 /www/wwwroot/lp2mi.unifa.ac.id/vendor/codeigniter4/framework/system/CodeIgniter.php(419): CodeIgniter\CodeIgniter->runController()
#6 /www/wwwroot/lp2mi.unifa.ac.id/vendor/codeigniter4/framework/system/CodeIgniter.php(326): CodeIgniter\CodeIgniter->handleRequest()
#7 /www/wwwroot/lp2mi.unifa.ac.id/public/index.php(45): CodeIgniter\CodeIgniter->run()
#8 {main}
CRITICAL - 2024-10-31 11:39:53 --> Unable to connect to the database.
Main connection [MySQLi]: No such file or directory
#0 /www/wwwroot/lp2mi.unifa.ac.id/vendor/codeigniter4/framework/system/Database/BaseConnection.php(577): CodeIgniter\Database\BaseConnection->initialize()
#1 /www/wwwroot/lp2mi.unifa.ac.id/vendor/codeigniter4/framework/system/Database/BaseBuilder.php(1455): CodeIgniter\Database\BaseConnection->query()
#2 /www/wwwroot/lp2mi.unifa.ac.id/vendor/codeigniter4/framework/system/Model.php(728): CodeIgniter\Database\BaseBuilder->get()
#3 /www/wwwroot/lp2mi.unifa.ac.id/app/Controllers/Front.php(230): CodeIgniter\Model->__call()
#4 /www/wwwroot/lp2mi.unifa.ac.id/vendor/codeigniter4/framework/system/CodeIgniter.php(832): App\Controllers\Front->blogdetail()
#5 /www/wwwroot/lp2mi.unifa.ac.id/vendor/codeigniter4/framework/system/CodeIgniter.php(419): CodeIgniter\CodeIgniter->runController()
#6 /www/wwwroot/lp2mi.unifa.ac.id/vendor/codeigniter4/framework/system/CodeIgniter.php(326): CodeIgniter\CodeIgniter->handleRequest()
#7 /www/wwwroot/lp2mi.unifa.ac.id/public/index.php(45): CodeIgniter\CodeIgniter->run()
#8 {main}
CRITICAL - 2024-10-31 12:03:39 --> Unable to connect to the database.
Main connection [MySQLi]: No such file or directory
#0 /www/wwwroot/lp2mi.unifa.ac.id/vendor/codeigniter4/framework/system/Database/BaseConnection.php(577): CodeIgniter\Database\BaseConnection->initialize()
#1 /www/wwwroot/lp2mi.unifa.ac.id/vendor/codeigniter4/framework/system/Database/BaseBuilder.php(1455): CodeIgniter\Database\BaseConnection->query()
#2 /www/wwwroot/lp2mi.unifa.ac.id/vendor/codeigniter4/framework/system/Model.php(728): CodeIgniter\Database\BaseBuilder->get()
#3 /www/wwwroot/lp2mi.unifa.ac.id/app/Controllers/Front.php(230): CodeIgniter\Model->__call()
#4 /www/wwwroot/lp2mi.unifa.ac.id/vendor/codeigniter4/framework/system/CodeIgniter.php(832): App\Controllers\Front->blogdetail()
#5 /www/wwwroot/lp2mi.unifa.ac.id/vendor/codeigniter4/framework/system/CodeIgniter.php(419): CodeIgniter\CodeIgniter->runController()
#6 /www/wwwroot/lp2mi.unifa.ac.id/vendor/codeigniter4/framework/system/CodeIgniter.php(326): CodeIgniter\CodeIgniter->handleRequest()
#7 /www/wwwroot/lp2mi.unifa.ac.id/public/index.php(45): CodeIgniter\CodeIgniter->run()
#8 {main}
CRITICAL - 2024-10-31 12:12:38 --> Unable to connect to the database.
Main connection [MySQLi]: No such file or directory
#0 /www/wwwroot/lp2mi.unifa.ac.id/vendor/codeigniter4/framework/system/Database/BaseConnection.php(577): CodeIgniter\Database\BaseConnection->initialize()
#1 /www/wwwroot/lp2mi.unifa.ac.id/vendor/codeigniter4/framework/system/Database/BaseBuilder.php(1455): CodeIgniter\Database\BaseConnection->query()
#2 /www/wwwroot/lp2mi.unifa.ac.id/vendor/codeigniter4/framework/system/Model.php(728): CodeIgniter\Database\BaseBuilder->get()
#3 /www/wwwroot/lp2mi.unifa.ac.id/app/Controllers/Front.php(230): CodeIgniter\Model->__call()
#4 /www/wwwroot/lp2mi.unifa.ac.id/vendor/codeigniter4/framework/system/CodeIgniter.php(832): App\Controllers\Front->blogdetail()
#5 /www/wwwroot/lp2mi.unifa.ac.id/vendor/codeigniter4/framework/system/CodeIgniter.php(419): CodeIgniter\CodeIgniter->runController()
#6 /www/wwwroot/lp2mi.unifa.ac.id/vendor/codeigniter4/framework/system/CodeIgniter.php(326): CodeIgniter\CodeIgniter->handleRequest()
#7 /www/wwwroot/lp2mi.unifa.ac.id/public/index.php(45): CodeIgniter\CodeIgniter->run()
#8 {main}
CRITICAL - 2024-10-31 12:15:48 --> Unable to connect to the database.
Main connection [MySQLi]: No such file or directory
#0 /www/wwwroot/lp2mi.unifa.ac.id/vendor/codeigniter4/framework/system/Database/BaseConnection.php(577): CodeIgniter\Database\BaseConnection->initialize()
#1 /www/wwwroot/lp2mi.unifa.ac.id/vendor/codeigniter4/framework/system/Database/BaseBuilder.php(1455): CodeIgniter\Database\BaseConnection->query()
#2 /www/wwwroot/lp2mi.unifa.ac.id/vendor/codeigniter4/framework/system/Model.php(728): CodeIgniter\Database\BaseBuilder->get()
#3 /www/wwwroot/lp2mi.unifa.ac.id/app/Controllers/Front.php(230): CodeIgniter\Model->__call()
#4 /www/wwwroot/lp2mi.unifa.ac.id/vendor/codeigniter4/framework/system/CodeIgniter.php(832): App\Controllers\Front->blogdetail()
#5 /www/wwwroot/lp2mi.unifa.ac.id/vendor/codeigniter4/framework/system/CodeIgniter.php(419): CodeIgniter\CodeIgniter->runController()
#6 /www/wwwroot/lp2mi.unifa.ac.id/vendor/codeigniter4/framework/system/CodeIgniter.php(326): CodeIgniter\CodeIgniter->handleRequest()
#7 /www/wwwroot/lp2mi.unifa.ac.id/public/index.php(45): CodeIgniter\CodeIgniter->run()
#8 {main}
CRITICAL - 2024-10-31 16:12:56 --> Unable to connect to the database.
Main connection [MySQLi]: No such file or directory
#0 /www/wwwroot/lp2mi.unifa.ac.id/vendor/codeigniter4/framework/system/Database/BaseConnection.php(577): CodeIgniter\Database\BaseConnection->initialize()
#1 /www/wwwroot/lp2mi.unifa.ac.id/vendor/codeigniter4/framework/system/Database/BaseBuilder.php(1455): CodeIgniter\Database\BaseConnection->query()
#2 /www/wwwroot/lp2mi.unifa.ac.id/vendor/codeigniter4/framework/system/Model.php(183): CodeIgniter\Database\BaseBuilder->get()
#3 /www/wwwroot/lp2mi.unifa.ac.id/vendor/codeigniter4/framework/system/BaseModel.php(584): CodeIgniter\Model->doFindAll()
#4 /www/wwwroot/lp2mi.unifa.ac.id/app/Controllers/Front.php(135): CodeIgniter\BaseModel->findAll()
#5 /www/wwwroot/lp2mi.unifa.ac.id/vendor/codeigniter4/framework/system/CodeIgniter.php(832): App\Controllers\Front->peraturan_menteri()
#6 /www/wwwroot/lp2mi.unifa.ac.id/vendor/codeigniter4/framework/system/CodeIgniter.php(419): CodeIgniter\CodeIgniter->runController()
#7 /www/wwwroot/lp2mi.unifa.ac.id/vendor/codeigniter4/framework/system/CodeIgniter.php(326): CodeIgniter\CodeIgniter->handleRequest()
#8 /www/wwwroot/lp2mi.unifa.ac.id/public/index.php(45): CodeIgniter\CodeIgniter->run()
#9 {main}
CRITICAL - 2024-10-31 16:14:46 --> Unable to connect to the database.
Main connection [MySQLi]: No such file or directory
#0 /www/wwwroot/lp2mi.unifa.ac.id/vendor/codeigniter4/framework/system/Database/BaseConnection.php(577): CodeIgniter\Database\BaseConnection->initialize()
#1 /www/wwwroot/lp2mi.unifa.ac.id/vendor/codeigniter4/framework/system/Database/BaseBuilder.php(1539): CodeIgniter\Database\BaseConnection->query()
#2 /www/wwwroot/lp2mi.unifa.ac.id/vendor/codeigniter4/framework/system/Model.php(509): CodeIgniter\Database\BaseBuilder->countAllResults()
#3 /www/wwwroot/lp2mi.unifa.ac.id/vendor/codeigniter4/framework/system/BaseModel.php(1084): CodeIgniter\Model->countAllResults()
#4 /www/wwwroot/lp2mi.unifa.ac.id/app/Controllers/Front.php(27): CodeIgniter\BaseModel->paginate()
#5 /www/wwwroot/lp2mi.unifa.ac.id/vendor/codeigniter4/framework/system/CodeIgniter.php(832): App\Controllers\Front->index()
#6 /www/wwwroot/lp2mi.unifa.ac.id/vendor/codeigniter4/framework/system/CodeIgniter.php(419): CodeIgniter\CodeIgniter->runController()
#7 /www/wwwroot/lp2mi.unifa.ac.id/vendor/codeigniter4/framework/system/CodeIgniter.php(326): CodeIgniter\CodeIgniter->handleRequest()
#8 /www/wwwroot/lp2mi.unifa.ac.id/public/index.php(45): CodeIgniter\CodeIgniter->run()
#9 {main}
CRITICAL - 2024-10-31 16:14:48 --> Unable to connect to the database.
Main connection [MySQLi]: No such file or directory
#0 /www/wwwroot/lp2mi.unifa.ac.id/vendor/codeigniter4/framework/system/Database/BaseConnection.php(577): CodeIgniter\Database\BaseConnection->initialize()
#1 /www/wwwroot/lp2mi.unifa.ac.id/vendor/codeigniter4/framework/system/Database/BaseBuilder.php(1539): CodeIgniter\Database\BaseConnection->query()
#2 /www/wwwroot/lp2mi.unifa.ac.id/vendor/codeigniter4/framework/system/Model.php(509): CodeIgniter\Database\BaseBuilder->countAllResults()
#3 /www/wwwroot/lp2mi.unifa.ac.id/vendor/codeigniter4/framework/system/BaseModel.php(1084): CodeIgniter\Model->countAllResults()
#4 /www/wwwroot/lp2mi.unifa.ac.id/app/Controllers/Front.php(27): CodeIgniter\BaseModel->paginate()
#5 /www/wwwroot/lp2mi.unifa.ac.id/vendor/codeigniter4/framework/system/CodeIgniter.php(832): App\Controllers\Front->index()
#6 /www/wwwroot/lp2mi.unifa.ac.id/vendor/codeigniter4/framework/system/CodeIgniter.php(419): CodeIgniter\CodeIgniter->runController()
#7 /www/wwwroot/lp2mi.unifa.ac.id/vendor/codeigniter4/framework/system/CodeIgniter.php(326): CodeIgniter\CodeIgniter->handleRequest()
#8 /www/wwwroot/lp2mi.unifa.ac.id/public/index.php(45): CodeIgniter\CodeIgniter->run()
#9 {main}
CRITICAL - 2024-10-31 22:13:16 --> Unable to connect to the database.
Main connection [MySQLi]: No such file or directory
#0 /www/wwwroot/lp2mi.unifa.ac.id/vendor/codeigniter4/framework/system/Database/BaseConnection.php(577): CodeIgniter\Database\BaseConnection->initialize()
#1 /www/wwwroot/lp2mi.unifa.ac.id/vendor/codeigniter4/framework/system/Database/BaseBuilder.php(1455): CodeIgniter\Database\BaseConnection->query()
#2 /www/wwwroot/lp2mi.unifa.ac.id/vendor/codeigniter4/framework/system/Model.php(183): CodeIgniter\Database\BaseBuilder->get()
#3 /www/wwwroot/lp2mi.unifa.ac.id/vendor/codeigniter4/framework/system/BaseModel.php(584): CodeIgniter\Model->doFindAll()
#4 /www/wwwroot/lp2mi.unifa.ac.id/app/Controllers/Front.php(149): CodeIgniter\BaseModel->findAll()
#5 /www/wwwroot/lp2mi.unifa.ac.id/vendor/codeigniter4/framework/system/CodeIgniter.php(832): App\Controllers\Front->peraturan_universitas()
#6 /www/wwwroot/lp2mi.unifa.ac.id/vendor/codeigniter4/framework/system/CodeIgniter.php(419): CodeIgniter\CodeIgniter->runController()
#7 /www/wwwroot/lp2mi.unifa.ac.id/vendor/codeigniter4/framework/system/CodeIgniter.php(326): CodeIgniter\CodeIgniter->handleRequest()
#8 /www/wwwroot/lp2mi.unifa.ac.id/public/index.php(45): CodeIgniter\CodeIgniter->run()
#9 {main}
CRITICAL - 2024-10-31 23:33:23 --> Unable to connect to the database.
Main connection [MySQLi]: No such file or directory
#0 /www/wwwroot/lp2mi.unifa.ac.id/vendor/codeigniter4/framework/system/Database/BaseConnection.php(577): CodeIgniter\Database\BaseConnection->initialize()
#1 /www/wwwroot/lp2mi.unifa.ac.id/vendor/codeigniter4/framework/system/Database/BaseBuilder.php(1539): CodeIgniter\Database\BaseConnection->query()
#2 /www/wwwroot/lp2mi.unifa.ac.id/vendor/codeigniter4/framework/system/Model.php(509): CodeIgniter\Database\BaseBuilder->countAllResults()
#3 /www/wwwroot/lp2mi.unifa.ac.id/vendor/codeigniter4/framework/system/BaseModel.php(1084): CodeIgniter\Model->countAllResults()
#4 /www/wwwroot/lp2mi.unifa.ac.id/app/Controllers/Front.php(27): CodeIgniter\BaseModel->paginate()
#5 /www/wwwroot/lp2mi.unifa.ac.id/vendor/codeigniter4/framework/system/CodeIgniter.php(832): App\Controllers\Front->index()
#6 /www/wwwroot/lp2mi.unifa.ac.id/vendor/codeigniter4/framework/system/CodeIgniter.php(419): CodeIgniter\CodeIgniter->runController()
#7 /www/wwwroot/lp2mi.unifa.ac.id/vendor/codeigniter4/framework/system/CodeIgniter.php(326): CodeIgniter\CodeIgniter->handleRequest()
#8 /www/wwwroot/lp2mi.unifa.ac.id/public/index.php(45): CodeIgniter\CodeIgniter->run()
#9 {main}
CRITICAL - 2024-10-31 23:33:23 --> Unable to connect to the database.
Main connection [MySQLi]: No such file or directory
#0 /www/wwwroot/lp2mi.unifa.ac.id/vendor/codeigniter4/framework/system/Database/BaseConnection.php(577): CodeIgniter\Database\BaseConnection->initialize()
#1 /www/wwwroot/lp2mi.unifa.ac.id/vendor/codeigniter4/framework/system/Database/BaseBuilder.php(1539): CodeIgniter\Database\BaseConnection->query()
#2 /www/wwwroot/lp2mi.unifa.ac.id/vendor/codeigniter4/framework/system/Model.php(509): CodeIgniter\Database\BaseBuilder->countAllResults()
#3 /www/wwwroot/lp2mi.unifa.ac.id/vendor/codeigniter4/framework/system/BaseModel.php(1084): CodeIgniter\Model->countAllResults()
#4 /www/wwwroot/lp2mi.unifa.ac.id/app/Controllers/Front.php(27): CodeIgniter\BaseModel->paginate()
#5 /www/wwwroot/lp2mi.unifa.ac.id/vendor/codeigniter4/framework/system/CodeIgniter.php(832): App\Controllers\Front->index()
#6 /www/wwwroot/lp2mi.unifa.ac.id/vendor/codeigniter4/framework/system/CodeIgniter.php(419): CodeIgniter\CodeIgniter->runController()
#7 /www/wwwroot/lp2mi.unifa.ac.id/vendor/codeigniter4/framework/system/CodeIgniter.php(326): CodeIgniter\CodeIgniter->handleRequest()
#8 /www/wwwroot/lp2mi.unifa.ac.id/public/index.php(45): CodeIgniter\CodeIgniter->run()
#9 {main}
CRITICAL - 2024-10-31 23:33:23 --> Unable to connect to the database.
Main connection [MySQLi]: No such file or directory
#0 /www/wwwroot/lp2mi.unifa.ac.id/vendor/codeigniter4/framework/system/Database/BaseConnection.php(577): CodeIgniter\Database\BaseConnection->initialize()
#1 /www/wwwroot/lp2mi.unifa.ac.id/vendor/codeigniter4/framework/system/Database/BaseBuilder.php(1539): CodeIgniter\Database\BaseConnection->query()
#2 /www/wwwroot/lp2mi.unifa.ac.id/vendor/codeigniter4/framework/system/Model.php(509): CodeIgniter\Database\BaseBuilder->countAllResults()
#3 /www/wwwroot/lp2mi.unifa.ac.id/vendor/codeigniter4/framework/system/BaseModel.php(1084): CodeIgniter\Model->countAllResults()
#4 /www/wwwroot/lp2mi.unifa.ac.id/app/Controllers/Front.php(27): CodeIgniter\BaseModel->paginate()
#5 /www/wwwroot/lp2mi.unifa.ac.id/vendor/codeigniter4/framework/system/CodeIgniter.php(832): App\Controllers\Front->index()
#6 /www/wwwroot/lp2mi.unifa.ac.id/vendor/codeigniter4/framework/system/CodeIgniter.php(419): CodeIgniter\CodeIgniter->runController()
#7 /www/wwwroot/lp2mi.unifa.ac.id/vendor/codeigniter4/framework/system/CodeIgniter.php(326): CodeIgniter\CodeIgniter->handleRequest()
#8 /www/wwwroot/lp2mi.unifa.ac.id/public/index.php(45): CodeIgniter\CodeIgniter->run()
#9 {main}
CRITICAL - 2024-10-31 23:33:23 --> Unable to connect to the database.
Main connection [MySQLi]: No such file or directory
#0 /www/wwwroot/lp2mi.unifa.ac.id/vendor/codeigniter4/framework/system/Database/BaseConnection.php(577): CodeIgniter\Database\BaseConnection->initialize()
#1 /www/wwwroot/lp2mi.unifa.ac.id/vendor/codeigniter4/framework/system/Database/BaseBuilder.php(1539): CodeIgniter\Database\BaseConnection->query()
#2 /www/wwwroot/lp2mi.unifa.ac.id/vendor/codeigniter4/framework/system/Model.php(509): CodeIgniter\Database\BaseBuilder->countAllResults()
#3 /www/wwwroot/lp2mi.unifa.ac.id/vendor/codeigniter4/framework/system/BaseModel.php(1084): CodeIgniter\Model->countAllResults()
#4 /www/wwwroot/lp2mi.unifa.ac.id/app/Controllers/Front.php(27): CodeIgniter\BaseModel->paginate()
#5 /www/wwwroot/lp2mi.unifa.ac.id/vendor/codeigniter4/framework/system/CodeIgniter.php(832): App\Controllers\Front->index()
#6 /www/wwwroot/lp2mi.unifa.ac.id/vendor/codeigniter4/framework/system/CodeIgniter.php(419): CodeIgniter\CodeIgniter->runController()
#7 /www/wwwroot/lp2mi.unifa.ac.id/vendor/codeigniter4/framework/system/CodeIgniter.php(326): CodeIgniter\CodeIgniter->handleRequest()
#8 /www/wwwroot/lp2mi.unifa.ac.id/public/index.php(45): CodeIgniter\CodeIgniter->run()
#9 {main}
CRITICAL - 2024-10-31 23:33:24 --> Unable to connect to the database.
Main connection [MySQLi]: No such file or directory
#0 /www/wwwroot/lp2mi.unifa.ac.id/vendor/codeigniter4/framework/system/Database/BaseConnection.php(577): CodeIgniter\Database\BaseConnection->initialize()
#1 /www/wwwroot/lp2mi.unifa.ac.id/vendor/codeigniter4/framework/system/Database/BaseBuilder.php(1539): CodeIgniter\Database\BaseConnection->query()
#2 /www/wwwroot/lp2mi.unifa.ac.id/vendor/codeigniter4/framework/system/Model.php(509): CodeIgniter\Database\BaseBuilder->countAllResults()
#3 /www/wwwroot/lp2mi.unifa.ac.id/vendor/codeigniter4/framework/system/BaseModel.php(1084): CodeIgniter\Model->countAllResults()
#4 /www/wwwroot/lp2mi.unifa.ac.id/app/Controllers/Front.php(27): CodeIgniter\BaseModel->paginate()
#5 /www/wwwroot/lp2mi.unifa.ac.id/vendor/codeigniter4/framework/system/CodeIgniter.php(832): App\Controllers\Front->index()
#6 /www/wwwroot/lp2mi.unifa.ac.id/vendor/codeigniter4/framework/system/CodeIgniter.php(419): CodeIgniter\CodeIgniter->runController()
#7 /www/wwwroot/lp2mi.unifa.ac.id/vendor/codeigniter4/framework/system/CodeIgniter.php(326): CodeIgniter\CodeIgniter->handleRequest()
#8 /www/wwwroot/lp2mi.unifa.ac.id/public/index.php(45): CodeIgniter\CodeIgniter->run()
#9 {main}
CRITICAL - 2024-10-31 23:33:24 --> Unable to connect to the database.
Main connection [MySQLi]: No such file or directory
#0 /www/wwwroot/lp2mi.unifa.ac.id/vendor/codeigniter4/framework/system/Database/BaseConnection.php(577): CodeIgniter\Database\BaseConnection->initialize()
#1 /www/wwwroot/lp2mi.unifa.ac.id/vendor/codeigniter4/framework/system/Database/BaseBuilder.php(1539): CodeIgniter\Database\BaseConnection->query()
#2 /www/wwwroot/lp2mi.unifa.ac.id/vendor/codeigniter4/framework/system/Model.php(509): CodeIgniter\Database\BaseBuilder->countAllResults()
#3 /www/wwwroot/lp2mi.unifa.ac.id/vendor/codeigniter4/framework/system/BaseModel.php(1084): CodeIgniter\Model->countAllResults()
#4 /www/wwwroot/lp2mi.unifa.ac.id/app/Controllers/Front.php(27): CodeIgniter\BaseModel->paginate()
#5 /www/wwwroot/lp2mi.unifa.ac.id/vendor/codeigniter4/framework/system/CodeIgniter.php(832): App\Controllers\Front->index()
#6 /www/wwwroot/lp2mi.unifa.ac.id/vendor/codeigniter4/framework/system/CodeIgniter.php(419): CodeIgniter\CodeIgniter->runController()
#7 /www/wwwroot/lp2mi.unifa.ac.id/vendor/codeigniter4/framework/system/CodeIgniter.php(326): CodeIgniter\CodeIgniter->handleRequest()
#8 /www/wwwroot/lp2mi.unifa.ac.id/public/index.php(45): CodeIgniter\CodeIgniter->run()
#9 {main}
CRITICAL - 2024-10-31 23:33:25 --> Unable to connect to the database.
Main connection [MySQLi]: No such file or directory
#0 /www/wwwroot/lp2mi.unifa.ac.id/vendor/codeigniter4/framework/system/Database/BaseConnection.php(577): CodeIgniter\Database\BaseConnection->initialize()
#1 /www/wwwroot/lp2mi.unifa.ac.id/vendor/codeigniter4/framework/system/Database/BaseBuilder.php(1539): CodeIgniter\Database\BaseConnection->query()
#2 /www/wwwroot/lp2mi.unifa.ac.id/vendor/codeigniter4/framework/system/Model.php(509): CodeIgniter\Database\BaseBuilder->countAllResults()
#3 /www/wwwroot/lp2mi.unifa.ac.id/vendor/codeigniter4/framework/system/BaseModel.php(1084): CodeIgniter\Model->countAllResults()
#4 /www/wwwroot/lp2mi.unifa.ac.id/app/Controllers/Front.php(27): CodeIgniter\BaseModel->paginate()
#5 /www/wwwroot/lp2mi.unifa.ac.id/vendor/codeigniter4/framework/system/CodeIgniter.php(832): App\Controllers\Front->index()
#6 /www/wwwroot/lp2mi.unifa.ac.id/vendor/codeigniter4/framework/system/CodeIgniter.php(419): CodeIgniter\CodeIgniter->runController()
#7 /www/wwwroot/lp2mi.unifa.ac.id/vendor/codeigniter4/framework/system/CodeIgniter.php(326): CodeIgniter\CodeIgniter->handleRequest()
#8 /www/wwwroot/lp2mi.unifa.ac.id/public/index.php(45): CodeIgniter\CodeIgniter->run()
#9 {main}
CRITICAL - 2024-10-31 23:33:26 --> Unable to connect to the database.
Main connection [MySQLi]: No such file or directory
#0 /www/wwwroot/lp2mi.unifa.ac.id/vendor/codeigniter4/framework/system/Database/BaseConnection.php(577): CodeIgniter\Database\BaseConnection->initialize()
#1 /www/wwwroot/lp2mi.unifa.ac.id/vendor/codeigniter4/framework/system/Database/BaseBuilder.php(1539): CodeIgniter\Database\BaseConnection->query()
#2 /www/wwwroot/lp2mi.unifa.ac.id/vendor/codeigniter4/framework/system/Model.php(509): CodeIgniter\Database\BaseBuilder->countAllResults()
#3 /www/wwwroot/lp2mi.unifa.ac.id/vendor/codeigniter4/framework/system/BaseModel.php(1084): CodeIgniter\Model->countAllResults()
#4 /www/wwwroot/lp2mi.unifa.ac.id/app/Controllers/Front.php(27): CodeIgniter\BaseModel->paginate()
#5 /www/wwwroot/lp2mi.unifa.ac.id/vendor/codeigniter4/framework/system/CodeIgniter.php(832): App\Controllers\Front->index()
#6 /www/wwwroot/lp2mi.unifa.ac.id/vendor/codeigniter4/framework/system/CodeIgniter.php(419): CodeIgniter\CodeIgniter->runController()
#7 /www/wwwroot/lp2mi.unifa.ac.id/vendor/codeigniter4/framework/system/CodeIgniter.php(326): CodeIgniter\CodeIgniter->handleRequest()
#8 /www/wwwroot/lp2mi.unifa.ac.id/public/index.php(45): CodeIgniter\CodeIgniter->run()
#9 {main}
CRITICAL - 2024-10-31 23:33:30 --> Unable to connect to the database.
Main connection [MySQLi]: No such file or directory
#0 /www/wwwroot/lp2mi.unifa.ac.id/vendor/codeigniter4/framework/system/Database/BaseConnection.php(577): CodeIgniter\Database\BaseConnection->initialize()
#1 /www/wwwroot/lp2mi.unifa.ac.id/vendor/codeigniter4/framework/system/Database/BaseBuilder.php(1539): CodeIgniter\Database\BaseConnection->query()
#2 /www/wwwroot/lp2mi.unifa.ac.id/vendor/codeigniter4/framework/system/Model.php(509): CodeIgniter\Database\BaseBuilder->countAllResults()
#3 /www/wwwroot/lp2mi.unifa.ac.id/vendor/codeigniter4/framework/system/BaseModel.php(1084): CodeIgniter\Model->countAllResults()
#4 /www/wwwroot/lp2mi.unifa.ac.id/app/Controllers/Front.php(27): CodeIgniter\BaseModel->paginate()
#5 /www/wwwroot/lp2mi.unifa.ac.id/vendor/codeigniter4/framework/system/CodeIgniter.php(832): App\Controllers\Front->index()
#6 /www/wwwroot/lp2mi.unifa.ac.id/vendor/codeigniter4/framework/system/CodeIgniter.php(419): CodeIgniter\CodeIgniter->runController()
#7 /www/wwwroot/lp2mi.unifa.ac.id/vendor/codeigniter4/framework/system/CodeIgniter.php(326): CodeIgniter\CodeIgniter->handleRequest()
#8 /www/wwwroot/lp2mi.unifa.ac.id/public/index.php(45): CodeIgniter\CodeIgniter->run()
#9 {main}
CRITICAL - 2024-10-31 23:33:31 --> Unable to connect to the database.
Main connection [MySQLi]: No such file or directory
#0 /www/wwwroot/lp2mi.unifa.ac.id/vendor/codeigniter4/framework/system/Database/BaseConnection.php(577): CodeIgniter\Database\BaseConnection->initialize()
#1 /www/wwwroot/lp2mi.unifa.ac.id/vendor/codeigniter4/framework/system/Database/BaseBuilder.php(1539): CodeIgniter\Database\BaseConnection->query()
#2 /www/wwwroot/lp2mi.unifa.ac.id/vendor/codeigniter4/framework/system/Model.php(509): CodeIgniter\Database\BaseBuilder->countAllResults()
#3 /www/wwwroot/lp2mi.unifa.ac.id/vendor/codeigniter4/framework/system/BaseModel.php(1084): CodeIgniter\Model->countAllResults()
#4 /www/wwwroot/lp2mi.unifa.ac.id/app/Controllers/Front.php(27): CodeIgniter\BaseModel->paginate()
#5 /www/wwwroot/lp2mi.unifa.ac.id/vendor/codeigniter4/framework/system/CodeIgniter.php(832): App\Controllers\Front->index()
#6 /www/wwwroot/lp2mi.unifa.ac.id/vendor/codeigniter4/framework/system/CodeIgniter.php(419): CodeIgniter\CodeIgniter->runController()
#7 /www/wwwroot/lp2mi.unifa.ac.id/vendor/codeigniter4/framework/system/CodeIgniter.php(326): CodeIgniter\CodeIgniter->handleRequest()
#8 /www/wwwroot/lp2mi.unifa.ac.id/public/index.php(45): CodeIgniter\CodeIgniter->run()
#9 {main}
CRITICAL - 2024-10-31 23:33:39 --> Unable to connect to the database.
Main connection [MySQLi]: No such file or directory
#0 /www/wwwroot/lp2mi.unifa.ac.id/vendor/codeigniter4/framework/system/Database/BaseConnection.php(577): CodeIgniter\Database\BaseConnection->initialize()
#1 /www/wwwroot/lp2mi.unifa.ac.id/vendor/codeigniter4/framework/system/Database/BaseBuilder.php(1539): CodeIgniter\Database\BaseConnection->query()
#2 /www/wwwroot/lp2mi.unifa.ac.id/vendor/codeigniter4/framework/system/Model.php(509): CodeIgniter\Database\BaseBuilder->countAllResults()
#3 /www/wwwroot/lp2mi.unifa.ac.id/vendor/codeigniter4/framework/system/BaseModel.php(1084): CodeIgniter\Model->countAllResults()
#4 /www/wwwroot/lp2mi.unifa.ac.id/app/Controllers/Front.php(27): CodeIgniter\BaseModel->paginate()
#5 /www/wwwroot/lp2mi.unifa.ac.id/vendor/codeigniter4/framework/system/CodeIgniter.php(832): App\Controllers\Front->index()
#6 /www/wwwroot/lp2mi.unifa.ac.id/vendor/codeigniter4/framework/system/CodeIgniter.php(419): CodeIgniter\CodeIgniter->runController()
#7 /www/wwwroot/lp2mi.unifa.ac.id/vendor/codeigniter4/framework/system/CodeIgniter.php(326): CodeIgniter\CodeIgniter->handleRequest()
#8 /www/wwwroot/lp2mi.unifa.ac.id/public/index.php(45): CodeIgniter\CodeIgniter->run()
#9 {main}
CRITICAL - 2024-10-31 23:33:41 --> Unable to connect to the database.
Main connection [MySQLi]: No such file or directory
#0 /www/wwwroot/lp2mi.unifa.ac.id/vendor/codeigniter4/framework/system/Database/BaseConnection.php(577): CodeIgniter\Database\BaseConnection->initialize()
#1 /www/wwwroot/lp2mi.unifa.ac.id/vendor/codeigniter4/framework/system/Database/BaseBuilder.php(1539): CodeIgniter\Database\BaseConnection->query()
#2 /www/wwwroot/lp2mi.unifa.ac.id/vendor/codeigniter4/framework/system/Model.php(509): CodeIgniter\Database\BaseBuilder->countAllResults()
#3 /www/wwwroot/lp2mi.unifa.ac.id/vendor/codeigniter4/framework/system/BaseModel.php(1084): CodeIgniter\Model->countAllResults()
#4 /www/wwwroot/lp2mi.unifa.ac.id/app/Controllers/Front.php(27): CodeIgniter\BaseModel->paginate()
#5 /www/wwwroot/lp2mi.unifa.ac.id/vendor/codeigniter4/framework/system/CodeIgniter.php(832): App\Controllers\Front->index()
#6 /www/wwwroot/lp2mi.unifa.ac.id/vendor/codeigniter4/framework/system/CodeIgniter.php(419): CodeIgniter\CodeIgniter->runController()
#7 /www/wwwroot/lp2mi.unifa.ac.id/vendor/codeigniter4/framework/system/CodeIgniter.php(326): CodeIgniter\CodeIgniter->handleRequest()
#8 /www/wwwroot/lp2mi.unifa.ac.id/public/index.php(45): CodeIgniter\CodeIgniter->run()
#9 {main}
CRITICAL - 2024-10-31 23:33:52 --> Unable to connect to the database.
Main connection [MySQLi]: No such file or directory
#0 /www/wwwroot/lp2mi.unifa.ac.id/vendor/codeigniter4/framework/system/Database/BaseConnection.php(577): CodeIgniter\Database\BaseConnection->initialize()
#1 /www/wwwroot/lp2mi.unifa.ac.id/vendor/codeigniter4/framework/system/Database/BaseBuilder.php(1539): CodeIgniter\Database\BaseConnection->query()
#2 /www/wwwroot/lp2mi.unifa.ac.id/vendor/codeigniter4/framework/system/Model.php(509): CodeIgniter\Database\BaseBuilder->countAllResults()
#3 /www/wwwroot/lp2mi.unifa.ac.id/vendor/codeigniter4/framework/system/BaseModel.php(1084): CodeIgniter\Model->countAllResults()
#4 /www/wwwroot/lp2mi.unifa.ac.id/app/Controllers/Front.php(27): CodeIgniter\BaseModel->paginate()
#5 /www/wwwroot/lp2mi.unifa.ac.id/vendor/codeigniter4/framework/system/CodeIgniter.php(832): App\Controllers\Front->index()
#6 /www/wwwroot/lp2mi.unifa.ac.id/vendor/codeigniter4/framework/system/CodeIgniter.php(419): CodeIgniter\CodeIgniter->runController()
#7 /www/wwwroot/lp2mi.unifa.ac.id/vendor/codeigniter4/framework/system/CodeIgniter.php(326): CodeIgniter\CodeIgniter->handleRequest()
#8 /www/wwwroot/lp2mi.unifa.ac.id/public/index.php(45): CodeIgniter\CodeIgniter->run()
#9 {main}
CRITICAL - 2024-10-31 23:33:54 --> Unable to connect to the database.
Main connection [MySQLi]: No such file or directory
#0 /www/wwwroot/lp2mi.unifa.ac.id/vendor/codeigniter4/framework/system/Database/BaseConnection.php(577): CodeIgniter\Database\BaseConnection->initialize()
#1 /www/wwwroot/lp2mi.unifa.ac.id/vendor/codeigniter4/framework/system/Database/BaseBuilder.php(1539): CodeIgniter\Database\BaseConnection->query()
#2 /www/wwwroot/lp2mi.unifa.ac.id/vendor/codeigniter4/framework/system/Model.php(509): CodeIgniter\Database\BaseBuilder->countAllResults()
#3 /www/wwwroot/lp2mi.unifa.ac.id/vendor/codeigniter4/framework/system/BaseModel.php(1084): CodeIgniter\Model->countAllResults()
#4 /www/wwwroot/lp2mi.unifa.ac.id/app/Controllers/Front.php(27): CodeIgniter\BaseModel->paginate()
#5 /www/wwwroot/lp2mi.unifa.ac.id/vendor/codeigniter4/framework/system/CodeIgniter.php(832): App\Controllers\Front->index()
#6 /www/wwwroot/lp2mi.unifa.ac.id/vendor/codeigniter4/framework/system/CodeIgniter.php(419): CodeIgniter\CodeIgniter->runController()
#7 /www/wwwroot/lp2mi.unifa.ac.id/vendor/codeigniter4/framework/system/CodeIgniter.php(326): CodeIgniter\CodeIgniter->handleRequest()
#8 /www/wwwroot/lp2mi.unifa.ac.id/public/index.php(45): CodeIgniter\CodeIgniter->run()
#9 {main}
CRITICAL - 2024-10-31 23:34:29 --> Unable to connect to the database.
Main connection [MySQLi]: No such file or directory
#0 /www/wwwroot/lp2mi.unifa.ac.id/vendor/codeigniter4/framework/system/Database/BaseConnection.php(577): CodeIgniter\Database\BaseConnection->initialize()
#1 /www/wwwroot/lp2mi.unifa.ac.id/vendor/codeigniter4/framework/system/Database/BaseBuilder.php(1539): CodeIgniter\Database\BaseConnection->query()
#2 /www/wwwroot/lp2mi.unifa.ac.id/vendor/codeigniter4/framework/system/Model.php(509): CodeIgniter\Database\BaseBuilder->countAllResults()
#3 /www/wwwroot/lp2mi.unifa.ac.id/vendor/codeigniter4/framework/system/BaseModel.php(1084): CodeIgniter\Model->countAllResults()
#4 /www/wwwroot/lp2mi.unifa.ac.id/app/Controllers/Front.php(27): CodeIgniter\BaseModel->paginate()
#5 /www/wwwroot/lp2mi.unifa.ac.id/vendor/codeigniter4/framework/system/CodeIgniter.php(832): App\Controllers\Front->index()
#6 /www/wwwroot/lp2mi.unifa.ac.id/vendor/codeigniter4/framework/system/CodeIgniter.php(419): CodeIgniter\CodeIgniter->runController()
#7 /www/wwwroot/lp2mi.unifa.ac.id/vendor/codeigniter4/framework/system/CodeIgniter.php(326): CodeIgniter\CodeIgniter->handleRequest()
#8 /www/wwwroot/lp2mi.unifa.ac.id/public/index.php(45): CodeIgniter\CodeIgniter->run()
#9 {main}
CRITICAL - 2024-10-31 23:34:31 --> Unable to connect to the database.
Main connection [MySQLi]: No such file or directory
#0 /www/wwwroot/lp2mi.unifa.ac.id/vendor/codeigniter4/framework/system/Database/BaseConnection.php(577): CodeIgniter\Database\BaseConnection->initialize()
#1 /www/wwwroot/lp2mi.unifa.ac.id/vendor/codeigniter4/framework/system/Database/BaseBuilder.php(1539): CodeIgniter\Database\BaseConnection->query()
#2 /www/wwwroot/lp2mi.unifa.ac.id/vendor/codeigniter4/framework/system/Model.php(509): CodeIgniter\Database\BaseBuilder->countAllResults()
#3 /www/wwwroot/lp2mi.unifa.ac.id/vendor/codeigniter4/framework/system/BaseModel.php(1084): CodeIgniter\Model->countAllResults()
#4 /www/wwwroot/lp2mi.unifa.ac.id/app/Controllers/Front.php(27): CodeIgniter\BaseModel->paginate()
#5 /www/wwwroot/lp2mi.unifa.ac.id/vendor/codeigniter4/framework/system/CodeIgniter.php(832): App\Controllers\Front->index()
#6 /www/wwwroot/lp2mi.unifa.ac.id/vendor/codeigniter4/framework/system/CodeIgniter.php(419): CodeIgniter\CodeIgniter->runController()
#7 /www/wwwroot/lp2mi.unifa.ac.id/vendor/codeigniter4/framework/system/CodeIgniter.php(326): CodeIgniter\CodeIgniter->handleRequest()
#8 /www/wwwroot/lp2mi.unifa.ac.id/public/index.php(45): CodeIgniter\CodeIgniter->run()
#9 {main}
CRITICAL - 2024-10-31 23:34:31 --> Unable to connect to the database.
Main connection [MySQLi]: No such file or directory
#0 /www/wwwroot/lp2mi.unifa.ac.id/vendor/codeigniter4/framework/system/Database/BaseConnection.php(577): CodeIgniter\Database\BaseConnection->initialize()
#1 /www/wwwroot/lp2mi.unifa.ac.id/vendor/codeigniter4/framework/system/Database/BaseBuilder.php(1539): CodeIgniter\Database\BaseConnection->query()
#2 /www/wwwroot/lp2mi.unifa.ac.id/vendor/codeigniter4/framework/system/Model.php(509): CodeIgniter\Database\BaseBuilder->countAllResults()
#3 /www/wwwroot/lp2mi.unifa.ac.id/vendor/codeigniter4/framework/system/BaseModel.php(1084): CodeIgniter\Model->countAllResults()
#4 /www/wwwroot/lp2mi.unifa.ac.id/app/Controllers/Front.php(27): CodeIgniter\BaseModel->paginate()
#5 /www/wwwroot/lp2mi.unifa.ac.id/vendor/codeigniter4/framework/system/CodeIgniter.php(832): App\Controllers\Front->index()
#6 /www/wwwroot/lp2mi.unifa.ac.id/vendor/codeigniter4/framework/system/CodeIgniter.php(419): CodeIgniter\CodeIgniter->runController()
#7 /www/wwwroot/lp2mi.unifa.ac.id/vendor/codeigniter4/framework/system/CodeIgniter.php(326): CodeIgniter\CodeIgniter->handleRequest()
#8 /www/wwwroot/lp2mi.unifa.ac.id/public/index.php(45): CodeIgniter\CodeIgniter->run()
#9 {main}
CRITICAL - 2024-10-31 23:34:32 --> Unable to connect to the database.
Main connection [MySQLi]: No such file or directory
#0 /www/wwwroot/lp2mi.unifa.ac.id/vendor/codeigniter4/framework/system/Database/BaseConnection.php(577): CodeIgniter\Database\BaseConnection->initialize()
#1 /www/wwwroot/lp2mi.unifa.ac.id/vendor/codeigniter4/framework/system/Database/BaseBuilder.php(1539): CodeIgniter\Database\BaseConnection->query()
#2 /www/wwwroot/lp2mi.unifa.ac.id/vendor/codeigniter4/framework/system/Model.php(509): CodeIgniter\Database\BaseBuilder->countAllResults()
#3 /www/wwwroot/lp2mi.unifa.ac.id/vendor/codeigniter4/framework/system/BaseModel.php(1084): CodeIgniter\Model->countAllResults()
#4 /www/wwwroot/lp2mi.unifa.ac.id/app/Controllers/Front.php(27): CodeIgniter\BaseModel->paginate()
#5 /www/wwwroot/lp2mi.unifa.ac.id/vendor/codeigniter4/framework/system/CodeIgniter.php(832): App\Controllers\Front->index()
#6 /www/wwwroot/lp2mi.unifa.ac.id/vendor/codeigniter4/framework/system/CodeIgniter.php(419): CodeIgniter\CodeIgniter->runController()
#7 /www/wwwroot/lp2mi.unifa.ac.id/vendor/codeigniter4/framework/system/CodeIgniter.php(326): CodeIgniter\CodeIgniter->handleRequest()
#8 /www/wwwroot/lp2mi.unifa.ac.id/public/index.php(45): CodeIgniter\CodeIgniter->run()
#9 {main}
CRITICAL - 2024-10-31 23:34:33 --> Unable to connect to the database.
Main connection [MySQLi]: No such file or directory
#0 /www/wwwroot/lp2mi.unifa.ac.id/vendor/codeigniter4/framework/system/Database/BaseConnection.php(577): CodeIgniter\Database\BaseConnection->initialize()
#1 /www/wwwroot/lp2mi.unifa.ac.id/vendor/codeigniter4/framework/system/Database/BaseBuilder.php(1539): CodeIgniter\Database\BaseConnection->query()
#2 /www/wwwroot/lp2mi.unifa.ac.id/vendor/codeigniter4/framework/system/Model.php(509): CodeIgniter\Database\BaseBuilder->countAllResults()
#3 /www/wwwroot/lp2mi.unifa.ac.id/vendor/codeigniter4/framework/system/BaseModel.php(1084): CodeIgniter\Model->countAllResults()
#4 /www/wwwroot/lp2mi.unifa.ac.id/app/Controllers/Front.php(27): CodeIgniter\BaseModel->paginate()
#5 /www/wwwroot/lp2mi.unifa.ac.id/vendor/codeigniter4/framework/system/CodeIgniter.php(832): App\Controllers\Front->index()
#6 /www/wwwroot/lp2mi.unifa.ac.id/vendor/codeigniter4/framework/system/CodeIgniter.php(419): CodeIgniter\CodeIgniter->runController()
#7 /www/wwwroot/lp2mi.unifa.ac.id/vendor/codeigniter4/framework/system/CodeIgniter.php(326): CodeIgniter\CodeIgniter->handleRequest()
#8 /www/wwwroot/lp2mi.unifa.ac.id/public/index.php(45): CodeIgniter\CodeIgniter->run()
#9 {main}
CRITICAL - 2024-10-31 23:34:34 --> Unable to connect to the database.
Main connection [MySQLi]: No such file or directory
#0 /www/wwwroot/lp2mi.unifa.ac.id/vendor/codeigniter4/framework/system/Database/BaseConnection.php(577): CodeIgniter\Database\BaseConnection->initialize()
#1 /www/wwwroot/lp2mi.unifa.ac.id/vendor/codeigniter4/framework/system/Database/BaseBuilder.php(1539): CodeIgniter\Database\BaseConnection->query()
#2 /www/wwwroot/lp2mi.unifa.ac.id/vendor/codeigniter4/framework/system/Model.php(509): CodeIgniter\Database\BaseBuilder->countAllResults()
#3 /www/wwwroot/lp2mi.unifa.ac.id/vendor/codeigniter4/framework/system/BaseModel.php(1084): CodeIgniter\Model->countAllResults()
#4 /www/wwwroot/lp2mi.unifa.ac.id/app/Controllers/Front.php(27): CodeIgniter\BaseModel->paginate()
#5 /www/wwwroot/lp2mi.unifa.ac.id/vendor/codeigniter4/framework/system/CodeIgniter.php(832): App\Controllers\Front->index()
#6 /www/wwwroot/lp2mi.unifa.ac.id/vendor/codeigniter4/framework/system/CodeIgniter.php(419): CodeIgniter\CodeIgniter->runController()
#7 /www/wwwroot/lp2mi.unifa.ac.id/vendor/codeigniter4/framework/system/CodeIgniter.php(326): CodeIgniter\CodeIgniter->handleRequest()
#8 /www/wwwroot/lp2mi.unifa.ac.id/public/index.php(45): CodeIgniter\CodeIgniter->run()
#9 {main}
